0	1	mPDsPic.exe -MSF -DBG -pP33EP512MU810 -Y -DL -SSA -RA -O11111114 -fo140 -N"Z:\Firmware\MikroPascal\OpenMikroBootloader\mikroPascal\dsPIC33\openMikroBootloader.mppds" -SP"C:\Program Files\Mikroelektronika\mikroPascal PRO for dsPIC\Defs\" -SP"C:\Program Files\Mikroelektronika\mikroPascal PRO for dsPIC\Uses\" -SP"Z:\Firmware\MikroPascal\OpenMikroBootloader\mikroPascal\dsPIC33\" -SP"Z:\Firmware\MikroPascal\OpenMikroBootloader\mikroPascal\bootloader_core\" -SP"Z:\Firmware\MikroPascal\OpenMikroBootloader\mikroPascal\dsPIC33\bootloader_user\" "__Lib_Math.mcl" "__Lib_MathDouble.mcl" "__Lib_System.mcl" "__Lib_Delays.mcl" "__Lib_String.mcl" "__Lib_Conversions.mcl" "__Lib_FLASH_p24_p33EP.mcl" "__Lib_UART_1234_p24_p33.mcl" "__Lib_PPS_p33EP512MU810.mcl" "openMikroBootloader.mpas" "bootloader_common.mpas" "bootloader_common_defines.mpas" "bootloader_core.mpas" "bootloader_driver.mpas" "bootloader_user.mpas" "bootloader_mcu.mpas" "bootloader_mcu_flash.mpas"	 
diagnostics: 0	133	Compilation Started	C:\Program Files\Mikroelektronika\mikroPascal PRO for dsPIC\defs\P33EP512MU810.mpas
hint: 1	1015	Hint: Compiling unit "C:\Program Files\Mikroelektronika\mikroPascal PRO for dsPIC\defs\P33EP512MU810.mpas"	P33EP512MU810.mpas
hint: 24557	1010	Hint: Unit "P33EP512MU810.mpas" has been recompiled	P33EP512MU810.mpas
diagnostics: 0	134	Compiled Successfully	C:\Program Files\Mikroelektronika\mikroPascal PRO for dsPIC\defs\P33EP512MU810.mpas
diagnostics: 0	133	Compilation Started	C:\Program Files\Mikroelektronika\mikroPascal PRO for dsPIC\uses\__Lib_Delays.mpas
hint: 1	1015	Hint: Compiling unit "C:\Program Files\Mikroelektronika\mikroPascal PRO for dsPIC\uses\__Lib_Delays.mpas"	__Lib_Delays.mpas
hint: 724	1010	Hint: Unit "__Lib_Delays.mpas" has been recompiled	__Lib_Delays.mpas
diagnostics: 0	134	Compiled Successfully	C:\Program Files\Mikroelektronika\mikroPascal PRO for dsPIC\uses\__Lib_Delays.mpas
diagnostics: 0	133	Compilation Started	Z:\Firmware\MikroPascal\OpenMikroBootloader\mikroPascal\dsPIC33\openMikroBootloader.mpas
hint: 1	1015	Hint: Compiling unit "Z:\Firmware\MikroPascal\OpenMikroBootloader\mikroPascal\dsPIC33\openMikroBootloader.mpas"	openMikroBootloader.mpas
hint: 1	1015	Hint: Compiling unit "Z:\Firmware\MikroPascal\OpenMikroBootloader\mikroPascal\bootloader_core\bootloader_common_defines.mpas"	bootloader_common_defines.mpas
hint: 26	1010	Hint: Unit "bootloader_common_defines.mpas" has been recompiled	bootloader_common_defines.mpas
hint: 1	1015	Hint: Compiling unit "Z:\Firmware\MikroPascal\OpenMikroBootloader\mikroPascal\dsPIC33\bootloader_user\bootloader_user.mpas"	bootloader_user.mpas
hint: 92	1010	Hint: Unit "bootloader_user.mpas" has been recompiled	bootloader_user.mpas
hint: 1	1015	Hint: Compiling unit "Z:\Firmware\MikroPascal\OpenMikroBootloader\mikroPascal\bootloader_core\bootloader_common.mpas"	bootloader_common.mpas
hint: 208	1010	Hint: Unit "bootloader_common.mpas" has been recompiled	bootloader_common.mpas
hint: 1	1015	Hint: Compiling unit "Z:\Firmware\MikroPascal\OpenMikroBootloader\mikroPascal\bootloader_core\bootloader_driver.mpas"	bootloader_driver.mpas
hint: 169	1010	Hint: Unit "bootloader_driver.mpas" has been recompiled	bootloader_driver.mpas
hint: 1	1015	Hint: Compiling unit "Z:\Firmware\MikroPascal\OpenMikroBootloader\mikroPascal\bootloader_core\bootloader_mcu.mpas"	bootloader_mcu.mpas
hint: 168	1001	Hint: Variable "DoubleWordArray" has been declared, but not used	bootloader_mcu.mpas
hint: 219	1010	Hint: Unit "bootloader_mcu.mpas" has been recompiled	bootloader_mcu.mpas
hint: 1	1015	Hint: Compiling unit "Z:\Firmware\MikroPascal\OpenMikroBootloader\mikroPascal\bootloader_core\bootloader_core.mpas"	bootloader_core.mpas
hint: 304	1010	Hint: Unit "bootloader_core.mpas" has been recompiled	bootloader_core.mpas
hint: 1	1015	Hint: Compiling unit "Z:\Firmware\MikroPascal\OpenMikroBootloader\mikroPascal\bootloader_core\bootloader_mcu_flash.mpas"	bootloader_mcu_flash.mpas
hint: 60	1010	Hint: Unit "bootloader_mcu_flash.mpas" has been recompiled	bootloader_mcu_flash.mpas
hint: 8	1010	Hint: Unit "openMikroBootloader.mpas" has been recompiled	openMikroBootloader.mpas
diagnostics: 0	134	Compiled Successfully	Z:\Firmware\MikroPascal\OpenMikroBootloader\mikroPascal\dsPIC33\openMikroBootloader.mpas
diagnostics: 0	139	All files Compiled in 581 ms	 
hint: 0	1144	Used RX (bytes): 32 (100%)   Free RX (bytes): 0 (0%)	Used RX (bytes): 32 (100%)   Free RX (bytes): 0 (0%)
hint: 0	1144	Static RAM (bytes): 473   Dynamic RAM (bytes): 28198	Static RAM (bytes): 473   Dynamic RAM (bytes): 28198
hint: 0	1144	Used ROM (bytes): 4781 (1%)  Free ROM (bytes): 345427 (99%)	Used ROM (bytes): 4781 (1%)  Free ROM (bytes): 345427 (99%)
diagnostics: 0	145	Project Linked Successfully	openMikroBootloader.mppds
diagnostics: 0	140	Linked in 350 ms	 
diagnostics: 0	141	Project 'openMikroBootloader.mppds' completed: 1632 ms	 
diagnostics: 0	103	Finished successfully: 03 Nov 2015, 20:24:58	openMikroBootloader.mppds
