0	1	mPDsPic.exe -MSF -DBG -pP24FV32KA301 -Y -DL -SSA -RA -O11111104 -fo32 -N"Z:\Automotive\Electronic Ignition\PIC24FV32KA301 _DoublePulse\DoublePulse.mppds" -SP"C:\Program Files\Mikroelektronika\mikroPascal PRO for dsPIC\Defs\" -SP"C:\Program Files\Mikroelektronika\mikroPascal PRO for dsPIC\Uses\" -SP"Z:\Automotive\Electronic Ignition\PIC24FV32KA301 _DoublePulse\" -SP"C:\Users\Public\Documents\Mikroelektronika\mikroPascal PRO for dsPIC\Defs\" -SP"C:\Users\Public\Documents\Mikroelektronika\mikroPascal PRO for dsPIC\Uses\" -SP"\\vmware-host\Shared Folders\Documents\Mustangpeak-Engineering\Automotive\Electronic Ignition\PIC24FV32KA301 _DoublePulse\" -SP"\\vmware-host\Shared Folders\Documents\Mustangpeak-Engineering\Automotive\Electronic Ignition\PIC24FV32KA301\" "__Lib_Math.mcl" "__Lib_MathDouble.mcl" "__Lib_System.mcl" "__Lib_Delays.mcl" "__Lib_String.mcl" "__Lib_Conversions.mcl" "__Lib_UART_12_p24_p33.mcl" "DoublePulse.mpas"	 
warning: 0	1501	Specified search path does not exist: 'C:\Users\Public\Documents\Mikroelektronika\mikroPascal PRO for dsPIC\Defs'	 
warning: 0	1501	Specified search path does not exist: 'C:\Users\Public\Documents\Mikroelektronika\mikroPascal PRO for dsPIC\Uses'	 
warning: 0	1501	Specified search path does not exist: '\\vmware-host\Shared Folders\Documents\Mustangpeak-Engineering\Automotive\Electronic Ignition\PIC24FV32KA301 _DoublePulse'	 
warning: 0	1501	Specified search path does not exist: '\\vmware-host\Shared Folders\Documents\Mustangpeak-Engineering\Automotive\Electronic Ignition\PIC24FV32KA301'	 
diagnostics: 0	133	Compilation Started	C:\Program Files\Mikroelektronika\mikroPascal PRO for dsPIC\defs\P24FV32KA301.mpas
hint: 1	1015	Hint: Compiling unit "C:\Program Files\Mikroelektronika\mikroPascal PRO for dsPIC\defs\P24FV32KA301.mpas"	P24FV32KA301.mpas
hint: 6072	1010	Hint: Unit "P24FV32KA301.mpas" has been recompiled	P24FV32KA301.mpas
diagnostics: 0	134	Compiled Successfully	C:\Program Files\Mikroelektronika\mikroPascal PRO for dsPIC\defs\P24FV32KA301.mpas
diagnostics: 0	133	Compilation Started	C:\Program Files\Mikroelektronika\mikroPascal PRO for dsPIC\uses\__Lib_Delays.mpas
hint: 1	1015	Hint: Compiling unit "C:\Program Files\Mikroelektronika\mikroPascal PRO for dsPIC\uses\__Lib_Delays.mpas"	__Lib_Delays.mpas
hint: 724	1010	Hint: Unit "__Lib_Delays.mpas" has been recompiled	__Lib_Delays.mpas
diagnostics: 0	134	Compiled Successfully	C:\Program Files\Mikroelektronika\mikroPascal PRO for dsPIC\uses\__Lib_Delays.mpas
diagnostics: 0	133	Compilation Started	Z:\Automotive\Electronic Ignition\PIC24FV32KA301 _DoublePulse\DoublePulse.mpas
hint: 1	1015	Hint: Compiling unit "Z:\Automotive\Electronic Ignition\PIC24FV32KA301 _DoublePulse\DoublePulse.mpas"	DoublePulse.mpas
hint: 140	1021	Hint: interrupt handler (interrupt_TMR3_RPM_Measurment_And_Stall_Timer at 0x0024)	DoublePulse.mpas
hint: 152	1021	Hint: interrupt handler (interrupt_PinChangeNotification at 0x003A)	DoublePulse.mpas
hint: 155	1011	Hint: Variable "i" has been eliminated by optimizer	DoublePulse.mpas
hint: 312	1010	Hint: Unit "DoublePulse.mpas" has been recompiled	DoublePulse.mpas
diagnostics: 0	134	Compiled Successfully	Z:\Automotive\Electronic Ignition\PIC24FV32KA301 _DoublePulse\DoublePulse.mpas
diagnostics: 0	139	All files Compiled in 40 ms	 
hint: 0	1144	Used RX (bytes): 32 (100%)   Free RX (bytes): 0 (0%)	Used RX (bytes): 32 (100%)   Free RX (bytes): 0 (0%)
hint: 0	1144	Static RAM (bytes): 74   Dynamic RAM (bytes): 1974	Static RAM (bytes): 74   Dynamic RAM (bytes): 1974
hint: 0	1144	Used ROM (bytes): 4916 (22%)  Free ROM (bytes): 17612 (78%)	Used ROM (bytes): 4916 (22%)  Free ROM (bytes): 17612 (78%)
diagnostics: 0	145	Project Linked Successfully	DoublePulse.mppds
diagnostics: 0	140	Linked in 80 ms	 
diagnostics: 0	141	Project 'DoublePulse.mppds' completed: 280 ms	 
diagnostics: 0	103	Finished successfully: 14 Dec 2017, 13:55:53	DoublePulse.mppds
