0	1	mPDsPic.exe -MSF -DBG -pP24FV32KA301 -Y -DL -SSA -O11111104 -fo32 -N"\\vmware-host\Shared Folders\Documents\Mustangpeak-Engineering\Automotive\Electronic Ignition\PIC24FV32KA301\Sparky.mppds" -SP"C:\Users\Public\Documents\Mikroelektronika\mikroPascal PRO for dsPIC\Defs\" -SP"C:\Users\Public\Documents\Mikroelektronika\mikroPascal PRO for dsPIC\Uses\" -SP"\\vmware-host\Shared Folders\Documents\Mustangpeak-Engineering\Automotive\Electronic Ignition\PIC24FV32KA301\" -SP"C:\Program Files\Mikroelektronika\mikroPascal PRO for dsPIC\Defs\" -SP"C:\Program Files\Mikroelektronika\mikroPascal PRO for dsPIC\Uses\" -SP"Z:\Automotive\Electronic Ignition\PIC24FV32KA301\" -SP"Z:\Automotive\Electronic Ignition\dsPIC24FV08KM101\" -SP"\\vmware-host\Shared Folders\Documents\Mustangpeak-Engineering\Automotive\Electronic Ignition\dsPIC24FV08KM101\" "__Lib_Math.mcl" "__Lib_MathDouble.mcl" "__Lib_System.mcl" "__Lib_Delays.mcl" "__Lib_String.mcl" "__Lib_Conversions.mcl" "__Lib_EEPROM_p24_KA.mcl" "__Lib_UART_12_p24_p33.mcl" "Sparky.mpas"	 
warning: 0	1501	Specified search path does not exist: 'C:\Program Files\Mikroelektronika\mikroPascal PRO for dsPIC\Defs'	 
warning: 0	1501	Specified search path does not exist: 'C:\Program Files\Mikroelektronika\mikroPascal PRO for dsPIC\Uses'	 
warning: 0	1501	Specified search path does not exist: 'Z:\Automotive\Electronic Ignition\PIC24FV32KA301'	 
warning: 0	1501	Specified search path does not exist: 'Z:\Automotive\Electronic Ignition\dsPIC24FV08KM101'	 
diagnostics: 0	133	Compilation Started	\\vmware-host\Shared Folders\Documents\Mustangpeak-Engineering\Automotive\Electronic Ignition\PIC24FV32KA301\Sparky.mpas
hint: 1	1015	Hint: Compiling unit "\\vmware-host\Shared Folders\Documents\Mustangpeak-Engineering\Automotive\Electronic Ignition\PIC24FV32KA301\Sparky.mpas"	Sparky.mpas
hint: 88	1021	Hint: interrupt handler (interrupt_Timer3_RPM_Measurement at 0x0024)	Sparky.mpas
hint: 96	1021	Hint: interrupt handler (interrupt_PinChangeNotification at 0x003A)	Sparky.mpas
hint: 180	1021	Hint: interrupt handler (interrupt_Advance_Timer1 at 0x001A)	Sparky.mpas
hint: 227	1021	Hint: interrupt handler (interrupt_Timer5_Dwell_Delay at 0x004C)	Sparky.mpas
hint: 99	1001	Hint: Variable "Dwell_Delay_Count" has been declared, but not used	Sparky.mpas
hint: 99	1011	Hint: Variable "TimingAdvanceCount" has been eliminated by optimizer	Sparky.mpas
hint: 366	1010	Hint: Unit "Sparky.mpas" has been recompiled	Sparky.mpas
diagnostics: 0	134	Compiled Successfully	\\vmware-host\Shared Folders\Documents\Mustangpeak-Engineering\Automotive\Electronic Ignition\PIC24FV32KA301\Sparky.mpas
diagnostics: 0	139	All files Compiled in 93 ms	 
hint: 0	1144	Used RX (bytes): 32 (100%)   Free RX (bytes): 0 (0%)	Used RX (bytes): 32 (100%)   Free RX (bytes): 0 (0%)
hint: 0	1144	Static RAM (bytes): 58   Dynamic RAM (bytes): 1990	Static RAM (bytes): 58   Dynamic RAM (bytes): 1990
hint: 0	1144	Used ROM (bytes): 3620 (16%)  Free ROM (bytes): 18908 (84%)	Used ROM (bytes): 3620 (16%)  Free ROM (bytes): 18908 (84%)
diagnostics: 0	145	Project Linked Successfully	Sparky.mppds
diagnostics: 0	140	Linked in 250 ms	 
diagnostics: 0	141	Project 'Sparky.mppds' completed: 406 ms	 
diagnostics: 0	103	Finished successfully: 24 Dec 2017, 11:24:19	Sparky.mppds
