;  LST file generated by mikroListExporter - v.2.0 
; Date/Time: 11/24/2017 2:29:01 PM
;----------------------------------------------

;Address Opcode 	ASM
0x0000	0x000000040F62  	GOTO	_main
0x0004	0x000000  	0
0x0006	0x000000  	0
0x0008	0x000000  	0
0x000A	0x000000  	0
0x000C	0x000000  	0
0x000E	0x000000  	0
0x0010	0x000000  	0
0x0012	0x000000  	0
0x0014	0x000000  	0
0x0016	0x000000  	0
0x0018	0x000000  	0
0x001A	0x000C8C  	3212
0x001C	0x000000  	0
0x001E	0x000000  	0
0x0020	0x000000  	0
0x0022	0x000000  	0
0x0024	0x000CAA  	3242
0x0026	0x000000  	0
0x0028	0x000000  	0
0x002A	0x000000  	0
0x002C	0x000000  	0
0x002E	0x000000  	0
0x0030	0x000000  	0
0x0032	0x000000  	0
0x0034	0x000000  	0
0x0036	0x000000  	0
0x0038	0x000000  	0
0x003A	0x000CCA  	3274
0x003C	0x000000  	0
0x003E	0x000000  	0
0x0040	0x000000  	0
0x0042	0x000000  	0
0x0044	0x000000  	0
0x0046	0x000000  	0
0x0048	0x000000  	0
0x004A	0x000000  	0
0x004C	0x00107E  	4222
0x004E	0x000000  	0
0x0050	0x000000  	0
0x0052	0x000000  	0
0x0054	0x000000  	0
0x0056	0x000000  	0
0x0058	0x000000  	0
0x005A	0x000000  	0
0x005C	0x000000  	0
0x005E	0x000000  	0
0x0060	0x000000  	0
0x0062	0x000000  	0
0x0064	0x000000  	0
0x0066	0x000000  	0
0x0068	0x000000  	0
0x006A	0x000000  	0
0x006C	0x000000  	0
0x006E	0x000000  	0
0x0070	0x000000  	0
0x0072	0x000000  	0
0x0074	0x000000  	0
0x0076	0x000000  	0
0x0078	0x000000  	0
0x007A	0x000000  	0
0x007C	0x000000  	0
0x007E	0x000000  	0
0x0080	0x000000  	0
0x0082	0x000000  	0
0x0084	0x000000  	0
0x0086	0x000000  	0
0x0088	0x000000  	0
0x008A	0x000000  	0
0x008C	0x000000  	0
0x008E	0x000000  	0
0x0090	0x000000  	0
0x0092	0x000000  	0
0x0094	0x000000  	0
0x0096	0x000000  	0
0x0098	0x000000  	0
0x009A	0x000000  	0
0x009C	0x000000  	0
0x009E	0x000000  	0
0x00A0	0x000000  	0
0x00A2	0x000000  	0
0x00A4	0x000000  	0
0x00A6	0x000000  	0
0x00A8	0x000000  	0
0x00AA	0x000000  	0
0x00AC	0x000000  	0
0x00AE	0x000000  	0
0x00B0	0x000000  	0
0x00B2	0x000000  	0
0x00B4	0x000000  	0
0x00B6	0x000000  	0
0x00B8	0x000000  	0
0x00BA	0x000000  	0
0x00BC	0x000000  	0
0x00BE	0x000000  	0
0x00C0	0x000000  	0
0x00C2	0x000000  	0
0x00C4	0x000000  	0
0x00C6	0x000000  	0
0x00C8	0x000000  	0
0x00CA	0x000000  	0
0x00CC	0x000000  	0
0x00CE	0x000000  	0
0x00D0	0x000000  	0
0x00D2	0x000000  	0
0x00D4	0x000000  	0
0x00D6	0x000000  	0
0x00D8	0x000000  	0
0x00DA	0x000000  	0
0x00DC	0x000000  	0
0x00DE	0x000000  	0
0x00E0	0x000000  	0
0x00E2	0x000000  	0
0x00E4	0x000000  	0
0x00E6	0x000000  	0
0x00E8	0x000000  	0
0x00EA	0x000000  	0
0x00EC	0x000000  	0
0x00EE	0x000000  	0
0x00F0	0x000000  	0
0x00F2	0x000000  	0
0x00F4	0x000000  	0
0x00F6	0x000000  	0
0x00F8	0x000000  	0
0x00FA	0x000000  	0
0x00FC	0x000000  	0
0x00FE	0x000000  	0
0x0100	0x000000  	0
0x0102	0x000000  	0
0x0104	0x000000  	0
0x0106	0x000000  	0
0x0108	0x000000  	0
0x010A	0x000000  	0
0x010C	0x000000  	0
0x010E	0x000000  	0
0x0110	0x000000  	0
0x0112	0x000000  	0
0x0114	0x000000  	0
0x0116	0x000000  	0
0x0118	0x000000  	0
0x011A	0x000000  	0
0x011C	0x000000  	0
0x011E	0x000000  	0
0x0120	0x000000  	0
0x0122	0x000000  	0
0x0124	0x000000  	0
0x0126	0x000000  	0
0x0128	0x000000  	0
0x012A	0x000000  	0
0x012C	0x000000  	0
0x012E	0x000000  	0
0x0130	0x000000  	0
0x0132	0x000000  	0
0x0134	0x000000  	0
0x0136	0x000000  	0
0x0138	0x000000  	0
0x013A	0x000000  	0
0x013C	0x000000  	0
0x013E	0x000000  	0
0x0140	0x000000  	0
0x0142	0x000000  	0
0x0144	0x000000  	0
0x0146	0x000000  	0
0x0148	0x000000  	0
0x014A	0x000000  	0
0x014C	0x000000  	0
0x014E	0x000000  	0
0x0150	0x000000  	0
0x0152	0x000000  	0
0x0154	0x000000  	0
0x0156	0x000000  	0
0x0158	0x000000  	0
0x015A	0x000000  	0
0x015C	0x000000  	0
0x015E	0x000000  	0
0x0160	0x000000  	0
0x0162	0x000000  	0
0x0164	0x000000  	0
0x0166	0x000000  	0
0x0168	0x000000  	0
0x016A	0x000000  	0
0x016C	0x000000  	0
0x016E	0x000000  	0
0x0170	0x000000  	0
0x0172	0x000000  	0
0x0174	0x000000  	0
0x0176	0x000000  	0
0x0178	0x000000  	0
0x017A	0x000000  	0
0x017C	0x000000  	0
0x017E	0x000000  	0
0x0180	0x000000  	0
0x0182	0x000000  	0
0x0184	0x000000  	0
0x0186	0x000000  	0
0x0188	0x000000  	0
0x018A	0x000000  	0
0x018C	0x000000  	0
0x018E	0x000000  	0
0x0190	0x000000  	0
0x0192	0x000000  	0
0x0194	0x000000  	0
0x0196	0x000000  	0
0x0198	0x000000  	0
0x019A	0x000000  	0
0x019C	0x000000  	0
0x019E	0x000000  	0
0x01A0	0x000000  	0
0x01A2	0x000000  	0
0x01A4	0x000000  	0
0x01A6	0x000000  	0
0x01A8	0x000000  	0
0x01AA	0x000000  	0
0x01AC	0x000000  	0
0x01AE	0x000000  	0
0x01B0	0x000000  	0
0x01B2	0x000000  	0
0x01B4	0x000000  	0
0x01B6	0x000000  	0
0x01B8	0x000000  	0
0x01BA	0x000000  	0
0x01BC	0x000000  	0
0x01BE	0x000000  	0
0x01C0	0x000000  	0
0x01C2	0x000000  	0
0x01C4	0x000000  	0
0x01C6	0x000000  	0
0x01C8	0x000000  	0
0x01CA	0x000000  	0
0x01CC	0x000000  	0
0x01CE	0x000000  	0
0x01D0	0x000000  	0
0x01D2	0x000000  	0
0x01D4	0x000000  	0
0x01D6	0x000000  	0
0x01D8	0x000000  	0
0x01DA	0x000000  	0
0x01DC	0x000000  	0
0x01DE	0x000000  	0
0x01E0	0x000000  	0
0x01E2	0x000000  	0
0x01E4	0x000000  	0
0x01E6	0x000000  	0
0x01E8	0x000000  	0
0x01EA	0x000000  	0
0x01EC	0x000000  	0
0x01EE	0x000000  	0
0x01F0	0x000000  	0
0x01F2	0x000000  	0
0x01F4	0x000000  	0
0x01F6	0x000000  	0
0x01F8	0x000000  	0
0x01FA	0x000000  	0
0x01FC	0x000000  	0
0x01FE	0x000000  	0
_main:
0x0F62	0x20832F  	MOV	#2098, W15
0x0F64	0x20FFF0  	MOV	#4095, W0
0x0F66	0xB7A020  	MOV	WREG, SPLIM
0x0F68	0x200000  	MOV	#0, W0
0x0F6A	0xB7A034  	MOV	WREG, PSVPAG
0x0F6C	0x200040  	MOV	#4, W0
0x0F6E	0xB72044  	IOR	CORCON
0x0F70	0x781F8A  	PUSH	W10
0x0F72	0x781F8B  	PUSH	W11
0x0F74	0xEF24E0  	CLR	ANSA
0x0F76	0xEF24E2  	CLR	ANSB
0x0F78	0xA922C4  	BCLR	LATA1_bit, BitPos(LATA1_bit+0)
0x0F7A	0xA902C0  	BCLR	TRISA0_bit, BitPos(TRISA0_bit+0)
0x0F7C	0xA922C0  	BCLR	TRISA1_bit, BitPos(TRISA1_bit+0)
0x0F7E	0xA902C8  	BCLR	TRISB0_bit, BitPos(TRISB0_bit+0)
0x0F80	0xA822C8  	BSET	TRISB1_bit, BitPos(TRISB1_bit+0)
0x0F82	0xA822C9  	BSET	TRISB9_bit, BitPos(TRISB9_bit+0)
0x0F84	0xA902C9  	BCLR	TRISB8_bit, BitPos(TRISB8_bit+0)
0x0F86	0xA982C9  	BCLR	TRISB12_bit, BitPos(TRISB12_bit+0)
0x0F88	0xA9A2C9  	BCLR	TRISB13_bit, BitPos(TRISB13_bit+0)
0x0F8A	0xA9C2C9  	BCLR	TRISB14_bit, BitPos(TRISB14_bit+0)
0x0F8C	0xEF2744  	CLR	CLKDIV
0x0F8E	0xEF2000  	CLR	W0
0x0F90	0xEF2002  	CLR	W1
0x0F92	0x884040  	MOV	W0, _RPM
0x0F94	0x884051  	MOV	W1, _RPM+2
0x0F96	0x2FFFF0  	MOV	#65535, W0
0x0F98	0x884060  	MOV	W0, _Max_Dwell_Exceeded
0x0F9A	0xEF2000  	CLR	W0
0x0F9C	0xEF2002  	CLR	W1
0x0F9E	0x8840F0  	MOV	W0, _LastTimingAdvanceDegrees
0x0FA0	0x884101  	MOV	W1, _LastTimingAdvanceDegrees+2
0x0FA2	0xEF2000  	CLR	W0
0x0FA4	0xEF2002  	CLR	W1
0x0FA6	0x884110  	MOV	W0, _TimingCurveRPM
0x0FA8	0x884121  	MOV	W1, _TimingCurveRPM+2
0x0FAA	0xEF2000  	CLR	W0
0x0FAC	0xEF2002  	CLR	W1
0x0FAE	0x884070  	MOV	W0, _TimingCurveDegrees
0x0FB0	0x884081  	MOV	W1, _TimingCurveDegrees+2
0x0FB2	0x200000  	MOV	#0, W0
0x0FB4	0x244961  	MOV	#17558, W1
0x0FB6	0x884130  	MOV	W0, _TimingCurveRPM+4
0x0FB8	0x884141  	MOV	W1, _TimingCurveRPM+6
0x0FBA	0x200000  	MOV	#0, W0
0x0FBC	0x240C01  	MOV	#16576, W1
0x0FBE	0x884090  	MOV	W0, _TimingCurveDegrees+4
0x0FC0	0x8840A1  	MOV	W1, _TimingCurveDegrees+6
0x0FC2	0x200000  	MOV	#0, W0
0x0FC4	0x244FA1  	MOV	#17658, W1
0x0FC6	0x884150  	MOV	W0, _TimingCurveRPM+8
0x0FC8	0x884161  	MOV	W1, _TimingCurveRPM+10
0x0FCA	0x200000  	MOV	#0, W0
0x0FCC	0x241201  	MOV	#16672, W1
0x0FCE	0x8840B0  	MOV	W0, _TimingCurveDegrees+8
0x0FD0	0x8840C1  	MOV	W1, _TimingCurveDegrees+10
0x0FD2	0x240000  	MOV	#16384, W0
0x0FD4	0x2451C1  	MOV	#17692, W1
0x0FD6	0x884170  	MOV	W0, _TimingCurveRPM+12
0x0FD8	0x884181  	MOV	W1, _TimingCurveRPM+14
0x0FDA	0x200000  	MOV	#0, W0
0x0FDC	0x241401  	MOV	#16704, W1
0x0FDE	0x8840D0  	MOV	W0, _TimingCurveDegrees+12
0x0FE0	0x8840E1  	MOV	W1, _TimingCurveDegrees+14
0x0FE2	0xA8A064  	BSET	CN21IE_bit, BitPos(CN21IE_bit+0)
0x0FE4	0xA880AD  	BSET	CNIP_0_bit, BitPos(CNIP_0_bit+0)
0x0FE6	0xA8A0AD  	BSET	CNIP_1_bit, BitPos(CNIP_1_bit+0)
0x0FE8	0xA8C0AD  	BSET	CNIP_2_bit, BitPos(CNIP_2_bit+0)
0x0FEA	0xA96086  	BCLR	CNIF_bit, BitPos(CNIF_bit+0)
0x0FEC	0xA86096  	BSET	CNIE_bit, BitPos(CNIE_bit+0)
0x0FEE	0xEF2100  	CLR	TMR1
0x0FF0	0xA9E105  	BCLR	TON_T1CON_bit, BitPos(TON_T1CON_bit+0)
0x0FF2	0xA98104  	BCLR	TCKPS_0_bit, BitPos(TCKPS_0_bit+0)
0x0FF4	0xA9A104  	BCLR	TCKPS_1_bit, BitPos(TCKPS_1_bit+0)
0x0FF6	0x210001  	MOV	#4096, W1
0x0FF8	0x200A40  	MOV	#lo_addr(IPC0), W0
0x0FFA	0x708810  	IOR	W1, [W0], [W0]
0x0FFC	0xA96084  	BCLR	T1IF_bit, BitPos(T1IF_bit+0)
0x0FFE	0xA86094  	BSET	T1IE_bit, BitPos(T1IE_bit+0)
0x1000	0xA8E105  	BSET	TON_T1CON_bit, BitPos(TON_T1CON_bit+0)
0x1002	0xA9E111  	BCLR	TON_T2CON_bit, BitPos(TON_T2CON_bit+0)
0x1004	0xA9E113  	BCLR	TON_T3CON_bit, BitPos(TON_T3CON_bit+0)
0x1006	0xA86110  	BSET	T32_T2CON_bit, BitPos(T32_T2CON_bit+0)
0x1008	0xA92110  	BCLR	TCS_T2CON_bit, BitPos(TCS_T2CON_bit+0)
0x100A	0xA9C110  	BCLR	TGATE_T2CON_bit, BitPos(TGATE_T2CON_bit+0)
0x100C	0xA98110  	BCLR	TCKPS_0_T2CON_bit, BitPos(TCKPS_0_T2CON_bit+0)
0x100E	0xA9A110  	BCLR	TCKPS_1_T2CON_bit, BitPos(TCKPS_1_T2CON_bit+0)
0x1010	0x210001  	MOV	#4096, W1
0x1012	0x200A80  	MOV	#lo_addr(IPC2), W0
0x1014	0x708810  	IOR	W1, [W0], [W0]
0x1016	0x2FFFF0  	MOV	#65535, W0
0x1018	0xB7A10C  	MOV	WREG, PR2
0x101A	0x2FFFF0  	MOV	#65535, W0
0x101C	0xB7A10E  	MOV	WREG, PR3
0x101E	0xEF2108  	CLR	TMR3HLD
0x1020	0xEF2106  	CLR	TMR2
0x1022	0xA800A8  	BSET	T3IP_0_bit, BitPos(T3IP_0_bit+0)
0x1024	0xA920A8  	BCLR	T3IP_1_bit, BitPos(T3IP_1_bit+0)
0x1026	0xA940A8  	BCLR	T3IP_2_bit, BitPos(T3IP_2_bit+0)
0x1028	0xA90085  	BCLR	T3IF_bit, BitPos(T3IF_bit+0)
0x102A	0xA80095  	BSET	T3IE_bit, BitPos(T3IE_bit+0)
0x102C	0xA8E111  	BSET	TON_T2CON_bit, BitPos(TON_T2CON_bit+0)
0x102E	0xA9E11F  	BCLR	TON_T4CON_bit, BitPos(TON_T4CON_bit+0)
0x1030	0xA9E121  	BCLR	TON_T5CON_bit, BitPos(TON_T5CON_bit+0)
0x1032	0xA8611E  	BSET	T32_T4CON_bit, BitPos(T32_T4CON_bit+0)
0x1034	0xA9211E  	BCLR	TCS_T4CON_bit, BitPos(TCS_T4CON_bit+0)
0x1036	0xA9C11E  	BCLR	TGATE_T4CON_bit, BitPos(TGATE_T4CON_bit+0)
0x1038	0xA9811E  	BCLR	TCKPS_0_T4CON_bit, BitPos(TCKPS_0_T4CON_bit+0)
0x103A	0xA9A11E  	BCLR	TCKPS_1_T4CON_bit, BitPos(TCKPS_1_T4CON_bit+0)
0x103C	0x210001  	MOV	#4096, W1
0x103E	0x200B20  	MOV	#lo_addr(IPC7), W0
0x1040	0x708810  	IOR	W1, [W0], [W0]
0x1042	0x247240  	MOV	#18212, W0
0x1044	0xB7A11A  	MOV	WREG, PR4
0x1046	0x200060  	MOV	#6, W0
0x1048	0xB7A11C  	MOV	WREG, PR5
0x104A	0xEF2116  	CLR	TMR5HLD
0x104C	0xEF2114  	CLR	TMR4
0x104E	0xA800B2  	BSET	T5IP_0_bit, BitPos(T5IP_0_bit+0)
0x1050	0xA920B2  	BCLR	T5IP_1_bit, BitPos(T5IP_1_bit+0)
0x1052	0xA940B2  	BCLR	T5IP_2_bit, BitPos(T5IP_2_bit+0)
0x1054	0xA98087  	BCLR	T5IF_bit, BitPos(T5IF_bit+0)
0x1056	0xA88097  	BSET	T5IE_bit, BitPos(T5IE_bit+0)
0x1058	0xA8E11F  	BSET	TON_T4CON_bit, BitPos(TON_T4CON_bit+0)
0x105A	0x28400A  	MOV	#33792, W10
0x105C	0x20003B  	MOV	#3, W11
0x105E	0x07FBDF  	RCALL	_UART2_Init
0x1060	0x200098  	MOV	#9, W8
0x1062	0x223577  	MOV	#9047, W7
L__main43:
0x1064	0xED200E  	DEC	W7
0x1066	0x3AFFFE  	BRA NZ	L__main43
0x1068	0xED2010  	DEC	W8
0x106A	0x3AFFFC  	BRA NZ	L__main43
L__main46:
0x106C	0x07FD26  	RCALL	_UART2_Data_Ready
0x106E	0xE10060  	CP	W0, #0
0x1070	0x360001  	BRA LEU	L__main51
L__main78:
0x1072	0x07FE07  	RCALL	_UART2_Read
L__main51:
0x1074	0xAAC2CD  	BTG	LATB14_bit, BitPos(LATB14_bit+0)
0x1076	0x37FFFA  	BRA	L__main46
L_end_main:
0x1078	0x7805CF  	POP	W11
0x107A	0x78054F  	POP	W10
L__main_end_loop:
0x107C	0x37FFFF  	BRA	L__main_end_loop
; end of _main
_UART2_Init:
0x081E	0xFA0008  	LNK	#8
0x0820	0x205DC0  	MOV	#lo_addr(_UART2_Write), W0
0x0822	0x884020  	MOV	W0, _UART_Wr_Ptr
0x0824	0x20C820  	MOV	#lo_addr(_UART2_Read), W0
0x0826	0x884030  	MOV	W0, _UART_Rd_Ptr
0x0828	0x20ABA0  	MOV	#lo_addr(_UART2_Data_Ready), W0
0x082A	0x884000  	MOV	W0, _UART_Rdy_Ptr
0x082C	0x2FFFF0  	MOV	#lo_addr(_UART2_TX_Idle), W0
0x082E	0x884010  	MOV	W0, _UART_TX_Idle_Ptr
0x0830	0xEF2230  	CLR	U2MODE
0x0832	0x280000  	MOV	#32768, W0
0x0834	0xB7A232  	MOV	WREG, U2STA
0x0836	0xA96230  	BCLR	U2MODE, #3
0x0838	0x07FFD7  	RCALL	_Get_Fosc_kHz
0x083A	0x203E82  	MOV	#1000, W2
0x083C	0x200003  	MOV	#0, W3
0x083E	0x07FFCB  	RCALL	__Multiply_32x32
; tmp start address is: 12 (W6)
0x0840	0xBE0300  	MOV.D	W0, W6
0x0842	0x07FFD6  	RCALL	_Get_Fosc_Per_Cyc
0x0844	0xEB0080  	CLR	W1
0x0846	0xD10081  	LSR	W1, W1
0x0848	0xD38000  	RRC	W0, W0
0x084A	0x400264  	ADD	W0, #4, W4
0x084C	0x4882E0  	ADDC	W1, #0, W5
0x084E	0xBE010A  	MOV.D	W10, W2
L__UART2_Init221:
0x0850	0xE90204  	DEC	W4, W4
0x0852	0x350003  	BRA LT	L__UART2_Init222
0x0854	0xD00102  	SL	W2, W2
0x0856	0xD28183  	RLC	W3, W3
0x0858	0x37FFFB  	BRA	L__UART2_Init221
L__UART2_Init222:
0x085A	0x980702  	MOV	W2, [W14+0]
0x085C	0x980713  	MOV	W3, [W14+2]
0x085E	0xBE9F86  	PUSH.D	W6
0x0860	0xBE9F8A  	PUSH.D	W10
0x0862	0xBE0006  	MOV.D	W6, W0
0x0864	0xEB8200  	SETM	W4
0x0866	0x07FD05  	RCALL	__Modulus_32x32
0x0868	0xBE054F  	POP.D	W10
0x086A	0xBE034F  	POP.D	W6
0x086C	0x980720  	MOV	W0, [W14+4]
0x086E	0x980731  	MOV	W1, [W14+6]
0x0870	0xBE9F8A  	PUSH.D	W10
; tmp end address is: 12 (W6)
0x0872	0xBE0006  	MOV.D	W6, W0
0x0874	0x90010E  	MOV	[W14+0], W2
0x0876	0x90019E  	MOV	[W14+2], W3
0x0878	0xEB8200  	SETM	W4
0x087A	0x07FD27  	RCALL	__Divide_32x32
0x087C	0xBE054F  	POP.D	W10
; tmp start address is: 6 (W3)
0x087E	0x780180  	MOV	W0, W3
0x0880	0x780201  	MOV	W1, W4
0x0882	0x470060  	ADD	W14, #0, W0
0x0884	0xD18150  	ASR	[++W0], W2
0x0886	0xD380C0  	RRC	[--W0], W1
0x0888	0x470064  	ADD	W14, #4, W0
0x088A	0xE10830  	CP	W1, [W0++]
0x088C	0xE19020  	CPB	W2, [W0--]
0x088E	0x3D0003  	BRA GE	L__UART2_Init178
L__UART2_Init223:
; tmp start address is: 2 (W1)
0x0890	0x4180E1  	ADD	W3, #1, W1
0x0892	0x4A0160  	ADDC	W4, #0, W2
; tmp end address is: 6 (W3)
; tmp end address is: 2 (W1)
0x0894	0x370002  	BRA	L__UART2_Init72
L__UART2_Init178:
0x0896	0x780083  	MOV	W3, W1
0x0898	0x780104  	MOV	W4, W2
L__UART2_Init72:
; tmp start address is: 2 (W1)
0x089A	0xE10860  	CP	W1, #0
0x089C	0xE19060  	CPB	W2, #0
0x089E	0x3A002F  	BRA NZ	L__UART2_Init180
L__UART2_Init224:
; tmp end address is: 2 (W1)
0x08A0	0x07FFA3  	RCALL	_Get_Fosc_kHz
0x08A2	0x203E82  	MOV	#1000, W2
0x08A4	0x200003  	MOV	#0, W3
0x08A6	0x07FF97  	RCALL	__Multiply_32x32
; tmp start address is: 12 (W6)
0x08A8	0xBE0300  	MOV.D	W0, W6
0x08AA	0x07FFA2  	RCALL	_Get_Fosc_Per_Cyc
0x08AC	0xEB0080  	CLR	W1
0x08AE	0xD10081  	LSR	W1, W1
0x08B0	0xD38000  	RRC	W0, W0
0x08B2	0x400262  	ADD	W0, #2, W4
0x08B4	0x4882E0  	ADDC	W1, #0, W5
0x08B6	0xBE010A  	MOV.D	W10, W2
L__UART2_Init225:
0x08B8	0xE90204  	DEC	W4, W4
0x08BA	0x350003  	BRA LT	L__UART2_Init226
0x08BC	0xD00102  	SL	W2, W2
0x08BE	0xD28183  	RLC	W3, W3
0x08C0	0x37FFFB  	BRA	L__UART2_Init225
L__UART2_Init226:
0x08C2	0x980702  	MOV	W2, [W14+0]
0x08C4	0x980713  	MOV	W3, [W14+2]
0x08C6	0xBE9F86  	PUSH.D	W6
0x08C8	0xBE0006  	MOV.D	W6, W0
0x08CA	0xEB8200  	SETM	W4
0x08CC	0x07FCD2  	RCALL	__Modulus_32x32
0x08CE	0xBE034F  	POP.D	W6
0x08D0	0x980720  	MOV	W0, [W14+4]
0x08D2	0x980731  	MOV	W1, [W14+6]
0x08D4	0xBE0006  	MOV.D	W6, W0
0x08D6	0x90010E  	MOV	[W14+0], W2
0x08D8	0x90019E  	MOV	[W14+2], W3
0x08DA	0xEB8200  	SETM	W4
0x08DC	0x07FCF6  	RCALL	__Divide_32x32
; tmp end address is: 12 (W6)
; tmp start address is: 6 (W3)
0x08DE	0x780180  	MOV	W0, W3
0x08E0	0x780201  	MOV	W1, W4
0x08E2	0x470060  	ADD	W14, #0, W0
0x08E4	0xD18150  	ASR	[++W0], W2
0x08E6	0xD380C0  	RRC	[--W0], W1
0x08E8	0x470064  	ADD	W14, #4, W0
0x08EA	0xE10830  	CP	W1, [W0++]
0x08EC	0xE19020  	CPB	W2, [W0--]
0x08EE	0x3D0003  	BRA GE	L__UART2_Init179
L__UART2_Init227:
; tmp start address is: 2 (W1)
0x08F0	0x4180E1  	ADD	W3, #1, W1
0x08F2	0x4A0160  	ADDC	W4, #0, W2
; tmp end address is: 6 (W3)
; tmp end address is: 2 (W1)
0x08F4	0x370002  	BRA	L__UART2_Init78
L__UART2_Init179:
0x08F6	0x780083  	MOV	W3, W1
0x08F8	0x780104  	MOV	W4, W2
L__UART2_Init78:
; tmp start address is: 2 (W1)
0x08FA	0xA86230  	BSET	U2MODE, #3
; tmp end address is: 2 (W1)
0x08FC	0x370000  	BRA	L__UART2_Init75
L__UART2_Init180:
L__UART2_Init75:
; tmp start address is: 2 (W1)
0x08FE	0x202380  	MOV	#lo_addr(U2BRG), W0
0x0900	0x508861  	SUB	W1, #1, [W0]
; tmp end address is: 2 (W1)
0x0902	0xA92232  	BCLR	U2STA, #1
0x0904	0xA8E231  	BSET	U2MODE, #15
0x0906	0xA84233  	BSET	U2STA, #10
0x0908	0x07FF61  	RCALL	_Delay_10ms
L_end_UART2_Init:
0x090A	0xFA8000  	ULNK
0x090C	0x060000  	RETURN
; end of _UART2_Init
_Get_Fosc_kHz:
; Result start address is: 4 (W2)
0x07E8	0x27D002  	MOV	#32000, W2
0x07EA	0x200003  	MOV	#0, W3
0x07EC	0xBE0002  	MOV.D	W2, W0
; Result end address is: 4 (W2)
L_end_Get_Fosc_kHz:
0x07EE	0x060000  	RETURN
; end of _Get_Fosc_kHz
_Get_Fosc_Per_Cyc:
; Result start address is: 2 (W1)
0x07F0	0x200021  	MOV	#2, W1
0x07F2	0x780001  	MOV	W1, W0
; Result end address is: 2 (W1)
L_end_Get_Fosc_Per_Cyc:
0x07F4	0x060000  	RETURN
; end of _Get_Fosc_Per_Cyc
_Delay_10ms:
0x07CC	0x2D0557  	MOV	#53333, W7
L__Delay_10ms51:
0x07CE	0xED200E  	DEC	W7
0x07D0	0x3AFFFE  	BRA NZ	L__Delay_10ms51
0x07D2	0x000000  	NOP
L_end_Delay_10ms:
0x07D4	0x060000  	RETURN
; end of _Delay_10ms
__Multiply_32x32:
0x07D6	0xFA0000  	LNK	#0
0x07D8	0xB80A02  	MUL.UU	W1, W2, W4
0x07DA	0x880050  	MOV	W0, W5
0x07DC	0xB80002  	MUL.UU	W0, W2, W0
0x07DE	0x420081  	ADD	W4, W1, W1
0x07E0	0xB82A03  	MUL.UU	W5, W3, W4
0x07E2	0x420081  	ADD	W4, W1, W1
L_end__Multiply_32x32:
0x07E4	0xFA8000  	ULNK
0x07E6	0x060000  	RETURN
; end of __Multiply_32x32
__Modulus_32x32:
0x0272	0xFA0000  	LNK	#0
0x0274	0x070002  	RCALL	Modulus_32x32___testsus
0x0276	0x0000000402C6  	GOTO	the_end_Modulus_32x32
Modulus_32x32___testsus:
0x027A	0xE20008  	CP0	W4
0x027C	0x3A0002  	BRA NZ	Modulus_32x32___modsi3
0x027E	0x070010  	RCALL	Modulus_32x32___umodsi3
0x0280	0x060000  	RETURN
Modulus_32x32___modsi3:
0x0282	0x781F81  	MOV	W1, [W15++]
0x0284	0xE20002  	CP0	W1
0x0286	0x3D0002  	BRA GE	Modulus_32x32_modtestb
0x0288	0x100060  	SUBR	W0, #0, W0
0x028A	0x1880E0  	SUBBR	W1, #0, W1
Modulus_32x32_modtestb:
0x028C	0xE20006  	CP0	W3
0x028E	0x3D0002  	BRA GE	Modulus_32x32_calcrem
0x0290	0x110160  	SUBR	W2, #0, W2
0x0292	0x1981E0  	SUBBR	W3, #0, W3
Modulus_32x32_calcrem:
0x0294	0x070005  	RCALL	Modulus_32x32___umodsi3
0x0296	0xE0004F  	CP0	[--W15]
0x0298	0x3B0002  	BRA NN	Modulus_32x32_exitr
0x029A	0x100060  	SUBR	W0, #0, W0
0x029C	0x1880E0  	SUBBR	W1, #0, W1
Modulus_32x32_exitr:
0x029E	0x060000  	RETURN
Modulus_32x32___umodsi3:
0x02A0	0x070002  	RCALL	Modulus_32x32___udivsi3
0x02A2	0xBE8004  	MOV.D	W4, W0
0x02A4	0x060000  	RETURN
Modulus_32x32___udivsi3:
0x02A6	0xB82260  	MUL.UU	W4, #0, W4
0x02A8	0x200206  	MOV	#32, W6
Modulus_32x32_nextbit:
0x02AA	0xD00000  	SL	W0, W0
0x02AC	0xD28081  	RLC	W1, W1
0x02AE	0xD28204  	RLC	W4, W4
0x02B0	0xD28285  	RLC	W5, W5
0x02B2	0xA80000  	BSET	W0, #0
0x02B4	0x520202  	SUB	W4, W2, W4
0x02B6	0x5A8283  	SUBB	W5, W3, W5
0x02B8	0x3B0003  	BRA NN	Modulus_32x32_iterate
0x02BA	0x420202  	ADD	W4, W2, W4
0x02BC	0x4A8283  	ADDC	W5, W3, W5
0x02BE	0xA10000  	BCLR	W0, #0
Modulus_32x32_iterate:
0x02C0	0xE90306  	DEC	W6, W6
0x02C2	0x3AFFF3  	BRA NZ	Modulus_32x32_nextbit
0x02C4	0x060000  	RETURN
the_end_Modulus_32x32:
L_end__Modulus_32x32:
0x02C6	0xFA8000  	ULNK
0x02C8	0x060000  	RETURN
; end of __Modulus_32x32
__Divide_32x32:
0x02CA	0xFA0000  	LNK	#0
0x02CC	0x070002  	RCALL	Divide_32x32___testsus
0x02CE	0x000000040318  	GOTO	the_end_Divide_32x32
Divide_32x32___testsus:
0x02D2	0xE20008  	CP0	W4
0x02D4	0x3A0002  	BRA NZ	Divide_32x32___divsi3
0x02D6	0x070010  	RCALL	Divide_32x32___udivsi3
0x02D8	0x060000  	RETURN
Divide_32x32___divsi3:
0x02DA	0x689F83  	XOR	W1, W3, [W15++]
0x02DC	0xE20002  	CP0	W1
0x02DE	0x3D0002  	BRA GE	Divide_32x32_divtestb
0x02E0	0x100060  	SUBR	W0, #0, W0
0x02E2	0x1880E0  	SUBBR	W1, #0, W1
Divide_32x32_divtestb:
0x02E4	0xE20006  	CP0	W3
0x02E6	0x3D0002  	BRA GE	Divide_32x32_calcquot
0x02E8	0x110160  	SUBR	W2, #0, W2
0x02EA	0x1981E0  	SUBBR	W3, #0, W3
Divide_32x32_calcquot:
0x02EC	0x070005  	RCALL	Divide_32x32___udivsi3
0x02EE	0xE0004F  	CP0	[--W15]
0x02F0	0x3B0002  	BRA NN	Divide_32x32_returnq
0x02F2	0x100060  	SUBR	W0, #0, W0
0x02F4	0x1880E0  	SUBBR	W1, #0, W1
Divide_32x32_returnq:
0x02F6	0x060000  	RETURN
Divide_32x32___udivsi3:
0x02F8	0xB82260  	MUL.UU	W4, #0, W4
0x02FA	0x200206  	MOV	#32, W6
Divide_32x32_nextbit:
0x02FC	0xD00000  	SL	W0, W0
0x02FE	0xD28081  	RLC	W1, W1
0x0300	0xD28204  	RLC	W4, W4
0x0302	0xD28285  	RLC	W5, W5
0x0304	0xA80000  	BSET	W0, #0
0x0306	0x520202  	SUB	W4, W2, W4
0x0308	0x5A8283  	SUBB	W5, W3, W5
0x030A	0x3B0003  	BRA NN	Divide_32x32_iterate
0x030C	0x420202  	ADD	W4, W2, W4
0x030E	0x4A8283  	ADDC	W5, W3, W5
0x0310	0xA10000  	BCLR	W0, #0
Divide_32x32_iterate:
0x0312	0xE90306  	DEC	W6, W6
0x0314	0x3AFFF3  	BRA NZ	Divide_32x32_nextbit
0x0316	0x060000  	RETURN
the_end_Divide_32x32:
L_end__Divide_32x32:
0x0318	0xFA8000  	ULNK
0x031A	0x060000  	RETURN
; end of __Divide_32x32
_UART2_Data_Ready:
0x0ABA	0xFA0000  	LNK	#0
; Result start address is: 2 (W1)
0x0ABC	0xEF2002  	CLR	W1
0x0ABE	0xAF0232  	BTSC	U2STA, #0
0x0AC0	0xEC2002  	INC	W1
0x0AC2	0x780001  	MOV	W1, W0
; Result end address is: 2 (W1)
L_end_UART2_Data_Ready:
0x0AC4	0xFA8000  	ULNK
0x0AC6	0x060000  	RETURN
; end of _UART2_Data_Ready
_UART2_Read:
0x0C82	0xFA0000  	LNK	#0
; Result start address is: 2 (W1)
0x0C84	0x8011B1  	MOV	U2RXREG, W1
0x0C86	0x780001  	MOV	W1, W0
; Result end address is: 2 (W1)
L_end_UART2_Read:
0x0C88	0xFA8000  	ULNK
0x0C8A	0x060000  	RETURN
; end of _UART2_Read
_interrupt_Timer5_Dwell_Delay:
0x107E	0xF80034  	PUSH	PSVPAG
0x1080	0xF80036  	PUSH	RCOUNT
0x1082	0x781F80  	PUSH	W0
0x1084	0x200020  	MOV	#2, W0
0x1086	0x09000C  	REPEAT	#12
0x1088	0x781FB0  	PUSH	[W0++]
0x108A	0x2080C0  	MOV	#lo_addr(_Max_Dwell_Exceeded), W0
0x108C	0xE00010  	CP0	[W0]
0x108E	0x320002  	BRA Z	L__interrupt_Timer5_Dwell_Delay3
L__interrupt_Timer5_Dwell_Delay55:
0x1090	0xA922C4  	BCLR	LATA1_bit, BitPos(LATA1_bit+0)
0x1092	0x370001  	BRA	L__interrupt_Timer5_Dwell_Delay4
L__interrupt_Timer5_Dwell_Delay3:
0x1094	0xA822C4  	BSET	LATA1_bit, BitPos(LATA1_bit+0)
L__interrupt_Timer5_Dwell_Delay4:
0x1096	0xA9E11F  	BCLR	TON_T4CON_bit, BitPos(TON_T4CON_bit+0)
0x1098	0x247240  	MOV	#18212, W0
0x109A	0xB7A11A  	MOV	WREG, PR4
0x109C	0x200060  	MOV	#6, W0
0x109E	0xB7A11C  	MOV	WREG, PR5
0x10A0	0xEF2116  	CLR	TMR5HLD
0x10A2	0xEF2114  	CLR	TMR4
0x10A4	0xA8E11F  	BSET	TON_T4CON_bit, BitPos(TON_T4CON_bit+0)
0x10A6	0x2FFFF0  	MOV	#65535, W0
0x10A8	0x884060  	MOV	W0, _Max_Dwell_Exceeded
0x10AA	0xA98087  	BCLR	T5IF_bit, BitPos(T5IF_bit+0)
L_end_interrupt_Timer5_Dwell_Delay:
0x10AC	0x2001A0  	MOV	#26, W0
0x10AE	0x09000C  	REPEAT	#12
0x10B0	0x78104F  	POP	[W0--]
0x10B2	0x78004F  	POP	W0
0x10B4	0xF90036  	POP	RCOUNT
0x10B6	0xF90034  	POP	PSVPAG
0x10B8	0x064000  	RETFIE
; end of _interrupt_Timer5_Dwell_Delay
_interrupt_PinChangeNotification:
0x0CCA	0xFA00AE  	LNK	#174
0x0CCC	0xF80034  	PUSH	PSVPAG
0x0CCE	0xF80036  	PUSH	RCOUNT
0x0CD0	0x781F80  	PUSH	W0
0x0CD2	0x200020  	MOV	#2, W0
0x0CD4	0x09000C  	REPEAT	#12
0x0CD6	0x781FB0  	PUSH	[W0++]
0x0CD8	0x781F8A  	PUSH	W10
0x0CDA	0x781F8B  	PUSH	W11
0x0CDC	0x781F8C  	PUSH	W12
; PortCopy start address is: 0 (W0)
0x0CDE	0xBF82CA  	MOV	PORTB, WREG
0x0CE0	0xAE2001  	BTSS	W0, #9
0x0CE2	0x370133  	BRA	L__interrupt_PinChangeNotification8
; PortCopy end address is: 0 (W0)
0x0CE4	0xA802CD  	BSET	LATB8_bit, BitPos(LATB8_bit+0)
0x0CE6	0xA922C4  	BCLR	LATA1_bit, BitPos(LATA1_bit+0)
0x0CE8	0xBF8106  	MOV	TMR2, WREG
0x0CEA	0x980700  	MOV	W0, [W14+0]
0x0CEC	0xBF8108  	MOV	TMR3HLD, WREG
0x0CEE	0x980710  	MOV	W0, [W14+2]
0x0CF0	0xEF2108  	CLR	TMR3HLD
0x0CF2	0xEF2106  	CLR	TMR2
0x0CF4	0x90000E  	MOV	[W14+0], W0
0x0CF6	0x90009E  	MOV	[W14+2], W1
0x0CF8	0x07FC81  	RCALL	__Long2Float
0x0CFA	0x237BD2  	MOV	#14269, W2
0x0CFC	0x233863  	MOV	#13190, W3
0x0CFE	0x07FCD9  	RCALL	__Mul_FP
0x0D00	0x980720  	MOV	W0, [W14+4]
0x0D02	0x980731  	MOV	W1, [W14+6]
0x0D04	0xEF2004  	CLR	W2
0x0D06	0xEF2006  	CLR	W3
0x0D08	0x884042  	MOV	W2, _RPM
0x0D0A	0x884053  	MOV	W3, _RPM+2
0x0D0C	0xEF2004  	CLR	W2
0x0D0E	0xEF2006  	CLR	W3
0x0D10	0x07FDFE  	RCALL	__Compare_Ge_Fp
0x0D12	0xE00000  	CP0	W0
0x0D14	0xEF2000  	CLR	W0
0x0D16	0x340001  	BRA LE	L__interrupt_PinChangeNotification58
0x0D18	0xEEA000  	COM	W0
L__interrupt_PinChangeNotification58:
0x0D1A	0xE20000  	CP0	W0
0x0D1C	0x32000D  	BRA Z	L__interrupt_PinChangeNotification11
L__interrupt_PinChangeNotification59:
0x0D1E	0x90012E  	MOV	[W14+4], W2
0x0D20	0x9001BE  	MOV	[W14+6], W3
0x0D22	0x200000  	MOV	#0, W0
0x0D24	0x242701  	MOV	#17008, W1
0x0D26	0x07FE2E  	RCALL	__Div_FP
0x0D28	0x200002  	MOV	#0, W2
0x0D2A	0x241003  	MOV	#16640, W3
0x0D2C	0x07FE2B  	RCALL	__Div_FP
0x0D2E	0x200002  	MOV	#0, W2
0x0D30	0x240003  	MOV	#16384, W3
0x0D32	0x07FCBF  	RCALL	__Mul_FP
0x0D34	0x884040  	MOV	W0, _RPM
0x0D36	0x884051  	MOV	W1, _RPM+2
L__interrupt_PinChangeNotification11:
0x0D38	0x200002  	MOV	#0, W2
0x0D3A	0x2428C3  	MOV	#17036, W3
0x0D3C	0x804040  	MOV	_RPM, W0
0x0D3E	0x804051  	MOV	_RPM+2, W1
0x0D40	0x07FBA3  	RCALL	__Compare_Le_Fp
0x0D42	0xE00000  	CP0	W0
0x0D44	0xEF2000  	CLR	W0
0x0D46	0x3D0001  	BRA GE	L__interrupt_PinChangeNotification60
0x0D48	0xEEA000  	COM	W0
L__interrupt_PinChangeNotification60:
0x0D4A	0x989730  	MOV	W0, [W14+166]
0x0D4C	0x2C0002  	MOV	#49152, W2
0x0D4E	0x245DA3  	MOV	#17882, W3
0x0D50	0x804040  	MOV	_RPM, W0
0x0D52	0x804051  	MOV	_RPM+2, W1
0x0D54	0x07FDDC  	RCALL	__Compare_Ge_Fp
0x0D56	0xE00000  	CP0	W0
0x0D58	0xEF2000  	CLR	W0
0x0D5A	0x340001  	BRA LE	L__interrupt_PinChangeNotification61
0x0D5C	0xEEA000  	COM	W0
L__interrupt_PinChangeNotification61:
0x0D5E	0x9090BE  	MOV	[W14+166], W1
0x0D60	0x708000  	IOR	W1, W0, W0
0x0D62	0x320004  	BRA Z	L__interrupt_PinChangeNotification14
L__interrupt_PinChangeNotification62:
0x0D64	0xEF2000  	CLR	W0
0x0D66	0xEF2002  	CLR	W1
0x0D68	0x884040  	MOV	W0, _RPM
0x0D6A	0x884051  	MOV	W1, _RPM+2
L__interrupt_PinChangeNotification14:
0x0D6C	0xEF2004  	CLR	W2
0x0D6E	0xEF2006  	CLR	W3
0x0D70	0x804040  	MOV	_RPM, W0
0x0D72	0x804051  	MOV	_RPM+2, W1
0x0D74	0x07FDCC  	RCALL	__Compare_Ge_Fp
0x0D76	0xE00000  	CP0	W0
0x0D78	0xEF2000  	CLR	W0
0x0D7A	0x340001  	BRA LE	L__interrupt_PinChangeNotification63
0x0D7C	0xEEA000  	COM	W0
L__interrupt_PinChangeNotification63:
0x0D7E	0xE20000  	CP0	W0
0x0D80	0x3200E3  	BRA Z	L__interrupt_PinChangeNotification17
L__interrupt_PinChangeNotification64:
0x0D82	0xA8A2CD  	BSET	LATB13_bit, BitPos(LATB13_bit+0)
0x0D84	0x200040  	MOV	#4, W0
0x0D86	0x980F40  	MOV	W0, [W14+24]
; i start address is: 6 (W3)
0x0D88	0x200013  	MOV	#1, W3
; i end address is: 6 (W3)
L__interrupt_PinChangeNotification20:
; i start address is: 6 (W3)
0x0D8A	0xE11864  	CP	W3, #4
0x0D8C	0x3D0015  	BRA GE	L__interrupt_PinChangeNotification21
L__interrupt_PinChangeNotification65:
0x0D8E	0xDD18C2  	SL	W3, #2, W1
0x0D90	0x208220  	MOV	#lo_addr(_TimingCurveRPM), W0
0x0D92	0x400101  	ADD	W0, W1, W2
0x0D94	0xBE0012  	MOV.D	[W2], W0
0x0D96	0x781F83  	PUSH	W3
0x0D98	0xBE0100  	MOV.D	W0, W2
0x0D9A	0x804040  	MOV	_RPM, W0
0x0D9C	0x804051  	MOV	_RPM+2, W1
0x0D9E	0x07FB74  	RCALL	__Compare_Le_Fp
0x0DA0	0xE00000  	CP0	W0
0x0DA2	0xEF2000  	CLR	W0
0x0DA4	0x3D0001  	BRA GE	L__interrupt_PinChangeNotification66
0x0DA6	0xEEA000  	COM	W0
L__interrupt_PinChangeNotification66:
0x0DA8	0x7801CF  	POP	W3
0x0DAA	0xE20000  	CP0	W0
0x0DAC	0x320002  	BRA Z	L__interrupt_PinChangeNotification25
L__interrupt_PinChangeNotification67:
0x0DAE	0x980F43  	MOV	W3, [W14+24]
; i end address is: 6 (W3)
0x0DB0	0x370003  	BRA	L__interrupt_PinChangeNotification21
L__interrupt_PinChangeNotification25:
; i start address is: 0 (W0)
; i start address is: 6 (W3)
0x0DB2	0x418061  	ADD	W3, #1, W0
; i end address is: 6 (W3)
0x0DB4	0x780180  	MOV	W0, W3
; i end address is: 0 (W0)
0x0DB6	0x37FFE9  	BRA	L__interrupt_PinChangeNotification20
L__interrupt_PinChangeNotification21:
0x0DB8	0x90084E  	MOV	[W14+24], W0
0x0DBA	0xE10064  	CP	W0, #4
0x0DBC	0x3D0066  	BRA GE	L__interrupt_PinChangeNotification28
L__interrupt_PinChangeNotification68:
0x0DBE	0x90084E  	MOV	[W14+24], W0
0x0DC0	0xDD00C2  	SL	W0, #2, W1
0x0DC2	0x208220  	MOV	#lo_addr(_TimingCurveRPM), W0
0x0DC4	0x400201  	ADD	W0, W1, W4
0x0DC6	0x90084E  	MOV	[W14+24], W0
0x0DC8	0xED2000  	DEC	W0
0x0DCA	0xDD00C2  	SL	W0, #2, W1
0x0DCC	0x208220  	MOV	#lo_addr(_TimingCurveRPM), W0
0x0DCE	0x400001  	ADD	W0, W1, W0
0x0DD0	0xBE0110  	MOV.D	[W0], W2
0x0DD2	0xBE0014  	MOV.D	[W4], W0
0x0DD4	0x07FC0E  	RCALL	__Sub_FP
0x0DD6	0xEF2004  	CLR	W2
0x0DD8	0xEF2006  	CLR	W3
0x0DDA	0x07FB56  	RCALL	__Compare_Le_Fp
0x0DDC	0xE00000  	CP0	W0
0x0DDE	0xEF2000  	CLR	W0
0x0DE0	0x320001  	BRA Z	L__interrupt_PinChangeNotification69
0x0DE2	0xEEA000  	COM	W0
L__interrupt_PinChangeNotification69:
0x0DE4	0xE20000  	CP0	W0
0x0DE6	0x320049  	BRA Z	L__interrupt_PinChangeNotification31
L__interrupt_PinChangeNotification70:
0x0DE8	0x90084E  	MOV	[W14+24], W0
0x0DEA	0xDD00C2  	SL	W0, #2, W1
0x0DEC	0x989761  	MOV	W1, [W14+172]
0x0DEE	0x2080E0  	MOV	#lo_addr(_TimingCurveDegrees), W0
0x0DF0	0x400201  	ADD	W0, W1, W4
0x0DF2	0x90084E  	MOV	[W14+24], W0
0x0DF4	0xED2000  	DEC	W0
0x0DF6	0xDD00C2  	SL	W0, #2, W1
0x0DF8	0x989751  	MOV	W1, [W14+170]
0x0DFA	0x2080E0  	MOV	#lo_addr(_TimingCurveDegrees), W0
0x0DFC	0x400001  	ADD	W0, W1, W0
0x0DFE	0xBE0110  	MOV.D	[W0], W2
0x0E00	0xBE0014  	MOV.D	[W4], W0
0x0E02	0x07FBF7  	RCALL	__Sub_FP
0x0E04	0x989730  	MOV	W0, [W14+166]
0x0E06	0x989741  	MOV	W1, [W14+168]
0x0E08	0x208221  	MOV	#lo_addr(_TimingCurveRPM), W1
0x0E0A	0x90906E  	MOV	[W14+172], W0
0x0E0C	0x408280  	ADD	W1, W0, W5
0x0E0E	0x208221  	MOV	#lo_addr(_TimingCurveRPM), W1
0x0E10	0x90905E  	MOV	[W14+170], W0
0x0E12	0x408000  	ADD	W1, W0, W0
0x0E14	0x7801B0  	MOV	[W0++], W3
0x0E16	0x780220  	MOV	[W0--], W4
0x0E18	0x7800B5  	MOV	[W5++], W1
0x0E1A	0x780125  	MOV	[W5--], W2
0x0E1C	0x2009C0  	MOV	#156, W0
0x0E1E	0x470000  	ADD	W14, W0, W0
0x0E20	0x780001  	MOV	W1, W0
0x0E22	0x780082  	MOV	W2, W1
0x0E24	0x780103  	MOV	W3, W2
0x0E26	0x780184  	MOV	W4, W3
0x0E28	0x07FBE4  	RCALL	__Sub_FP
0x0E2A	0x988F60  	MOV	W0, [W14+156]
0x0E2C	0x988F71  	MOV	W1, [W14+158]
0x0E2E	0x90903E  	MOV	[W14+166], W0
0x0E30	0x9090CE  	MOV	[W14+168], W1
0x0E32	0x90896E  	MOV	[W14+156], W2
0x0E34	0x9089FE  	MOV	[W14+158], W3
0x0E36	0x07FDA6  	RCALL	__Div_FP
0x0E38	0x980F20  	MOV	W0, [W14+20]
0x0E3A	0x980F31  	MOV	W1, [W14+22]
0x0E3C	0x208221  	MOV	#lo_addr(_TimingCurveRPM), W1
0x0E3E	0x90905E  	MOV	[W14+170], W0
0x0E40	0x408000  	ADD	W1, W0, W0
0x0E42	0xBE0210  	MOV.D	[W0], W4
0x0E44	0x804042  	MOV	_RPM, W2
0x0E46	0x804053  	MOV	_RPM+2, W3
0x0E48	0xBE0004  	MOV.D	W4, W0
0x0E4A	0x07FBD3  	RCALL	__Sub_FP
0x0E4C	0x90092E  	MOV	[W14+20], W2
0x0E4E	0x9009BE  	MOV	[W14+22], W3
0x0E50	0x07FC30  	RCALL	__Mul_FP
0x0E52	0x208223  	MOV	#lo_addr(_TimingCurveRPM), W3
0x0E54	0x90915E  	MOV	[W14+170], W2
0x0E56	0x418102  	ADD	W3, W2, W2
0x0E58	0x7801B2  	MOV	[W2++], W3
0x0E5A	0x780222  	MOV	[W2--], W4
0x0E5C	0x2009C2  	MOV	#156, W2
0x0E5E	0x470102  	ADD	W14, W2, W2
0x0E60	0x780103  	MOV	W3, W2
0x0E62	0x780184  	MOV	W4, W3
0x0E64	0x07FBC6  	RCALL	__Sub_FP
0x0E66	0x988F60  	MOV	W0, [W14+156]
0x0E68	0x988F71  	MOV	W1, [W14+158]
0x0E6A	0xEF2000  	CLR	W0
0x0E6C	0xEF2002  	CLR	W1
0x0E6E	0x90896E  	MOV	[W14+156], W2
0x0E70	0x9089FE  	MOV	[W14+158], W3
0x0E72	0x07FBBF  	RCALL	__Sub_FP
0x0E74	0x980F00  	MOV	W0, [W14+16]
0x0E76	0x980F11  	MOV	W1, [W14+18]
0x0E78	0x370007  	BRA	L__interrupt_PinChangeNotification32
L__interrupt_PinChangeNotification31:
0x0E7A	0x90084E  	MOV	[W14+24], W0
0x0E7C	0xDD00C2  	SL	W0, #2, W1
0x0E7E	0x2080E0  	MOV	#lo_addr(_TimingCurveDegrees), W0
0x0E80	0x400101  	ADD	W0, W1, W2
0x0E82	0xBE0012  	MOV.D	[W2], W0
0x0E84	0x980F00  	MOV	W0, [W14+16]
0x0E86	0x980F11  	MOV	W1, [W14+18]
L__interrupt_PinChangeNotification32:
0x0E88	0x370004  	BRA	L__interrupt_PinChangeNotification29
L__interrupt_PinChangeNotification28:
0x0E8A	0x8040D0  	MOV	_TimingCurveDegrees+12, W0
0x0E8C	0x8040E1  	MOV	_TimingCurveDegrees+14, W1
0x0E8E	0x980F00  	MOV	W0, [W14+16]
0x0E90	0x980F11  	MOV	W1, [W14+18]
L__interrupt_PinChangeNotification29:
0x0E92	0x90080E  	MOV	[W14+16], W0
0x0E94	0x90089E  	MOV	[W14+18], W1
0x0E96	0x8040F2  	MOV	_LastTimingAdvanceDegrees, W2
0x0E98	0x804103  	MOV	_LastTimingAdvanceDegrees+2, W3
0x0E9A	0x07FAF6  	RCALL	__Compare_Le_Fp
0x0E9C	0xE00000  	CP0	W0
0x0E9E	0xEF2000  	CLR	W0
0x0EA0	0x320001  	BRA Z	L__interrupt_PinChangeNotification71
0x0EA2	0xEEA000  	COM	W0
L__interrupt_PinChangeNotification71:
0x0EA4	0xE20000  	CP0	W0
0x0EA6	0x320008  	BRA Z	L__interrupt_PinChangeNotification34
L__interrupt_PinChangeNotification72:
0x0EA8	0x47007A  	ADD	W14, #26, W0
0x0EAA	0x780600  	MOV	W0, W12
0x0EAC	0x900D0E  	MOV	[W14+16], W10
0x0EAE	0x900D9E  	MOV	[W14+18], W11
0x0EB0	0x07FE0B  	RCALL	_FloatToStr
0x0EB2	0x47007A  	ADD	W14, #26, W0
0x0EB4	0x780500  	MOV	W0, W10
0x0EB6	0x07FC9F  	RCALL	_UART2_Write_Text
L__interrupt_PinChangeNotification34:
0x0EB8	0x90080E  	MOV	[W14+16], W0
0x0EBA	0x90089E  	MOV	[W14+18], W1
0x0EBC	0x8840F0  	MOV	W0, _LastTimingAdvanceDegrees
0x0EBE	0x884101  	MOV	W1, _LastTimingAdvanceDegrees+2
0x0EC0	0xA9A2CD  	BCLR	LATB13_bit, BitPos(LATB13_bit+0)
0x0EC2	0x200000  	MOV	#0, W0
0x0EC4	0x240C01  	MOV	#16576, W1
0x0EC6	0x804042  	MOV	_RPM, W2
0x0EC8	0x804053  	MOV	_RPM+2, W3
0x0ECA	0x07FBF3  	RCALL	__Mul_FP
0x0ECC	0xBE0100  	MOV.D	W0, W2
0x0ECE	0x200000  	MOV	#0, W0
0x0ED0	0x23F801  	MOV	#16256, W1
0x0ED2	0x07FD58  	RCALL	__Div_FP
0x0ED4	0x200002  	MOV	#0, W2
0x0ED6	0x241F03  	MOV	#16880, W3
0x0ED8	0x07FBEC  	RCALL	__Mul_FP
0x0EDA	0x988F60  	MOV	W0, [W14+156]
0x0EDC	0x988F71  	MOV	W1, [W14+158]
0x0EDE	0x90886E  	MOV	[W14+156], W0
0x0EE0	0x9088FE  	MOV	[W14+158], W1
0x0EE2	0x980740  	MOV	W0, [W14+8]
0x0EE4	0x980751  	MOV	W1, [W14+10]
0x0EE6	0x90002E  	MOV	[W14+4], W0
0x0EE8	0x9000BE  	MOV	[W14+6], W1
0x0EEA	0x90896E  	MOV	[W14+156], W2
0x0EEC	0x9089FE  	MOV	[W14+158], W3
0x0EEE	0x07FB81  	RCALL	__Sub_FP
0x0EF0	0x2856A2  	MOV	#34154, W2
0x0EF2	0x23B283  	MOV	#15144, W3
0x0EF4	0x07FD0C  	RCALL	__Compare_Ge_Fp
0x0EF6	0xE00000  	CP0	W0
0x0EF8	0xEF2000  	CLR	W0
0x0EFA	0x340001  	BRA LE	L__interrupt_PinChangeNotification73
0x0EFC	0xEEA000  	COM	W0
L__interrupt_PinChangeNotification73:
0x0EFE	0xE20000  	CP0	W0
0x0F00	0x320014  	BRA Z	L__interrupt_PinChangeNotification37
L__interrupt_PinChangeNotification74:
0x0F02	0x90002E  	MOV	[W14+4], W0
0x0F04	0x9000BE  	MOV	[W14+6], W1
0x0F06	0x2A6C42  	MOV	#42692, W2
0x0F08	0x23C523  	MOV	#15442, W3
0x0F0A	0x07FB73  	RCALL	__Sub_FP
0x0F0C	0x980760  	MOV	W0, [W14+12]
0x0F0E	0x980771  	MOV	W1, [W14+14]
0x0F10	0x90014E  	MOV	[W14+8], W2
0x0F12	0x9001DE  	MOV	[W14+10], W3
0x0F14	0x07FCFC  	RCALL	__Compare_Ge_Fp
0x0F16	0xE00000  	CP0	W0
0x0F18	0xEF2000  	CLR	W0
0x0F1A	0x340001  	BRA LE	L__interrupt_PinChangeNotification75
0x0F1C	0xEEA000  	COM	W0
L__interrupt_PinChangeNotification75:
0x0F1E	0xE20000  	CP0	W0
0x0F20	0x320004  	BRA Z	L__interrupt_PinChangeNotification40
L__interrupt_PinChangeNotification76:
0x0F22	0x90006E  	MOV	[W14+12], W0
0x0F24	0x9000FE  	MOV	[W14+14], W1
0x0F26	0x980740  	MOV	W0, [W14+8]
0x0F28	0x980751  	MOV	W1, [W14+10]
L__interrupt_PinChangeNotification40:
L__interrupt_PinChangeNotification37:
0x0F2A	0x237BD2  	MOV	#14269, W2
0x0F2C	0x233863  	MOV	#13190, W3
0x0F2E	0x90004E  	MOV	[W14+8], W0
0x0F30	0x9000DE  	MOV	[W14+10], W1
0x0F32	0x07FD28  	RCALL	__Div_FP
0x0F34	0x07FCF1  	RCALL	__Float2Longword
; Dwell_Delay_Count start address is: 4 (W2)
0x0F36	0xBE0100  	MOV.D	W0, W2
0x0F38	0xEF2000  	CLR	W0
0x0F3A	0x884060  	MOV	W0, _Max_Dwell_Exceeded
0x0F3C	0xA9E11F  	BCLR	TON_T4CON_bit, BitPos(TON_T4CON_bit+0)
0x0F3E	0x8808D2  	MOV	W2, PR4
0x0F40	0x8808E3  	MOV	W3, PR5
; Dwell_Delay_Count end address is: 4 (W2)
0x0F42	0xEF2116  	CLR	TMR5HLD
0x0F44	0xEF2114  	CLR	TMR4
0x0F46	0xA8E11F  	BSET	TON_T4CON_bit, BitPos(TON_T4CON_bit+0)
L__interrupt_PinChangeNotification17:
0x0F48	0xA902CD  	BCLR	LATB8_bit, BitPos(LATB8_bit+0)
L__interrupt_PinChangeNotification8:
0x0F4A	0xA96086  	BCLR	CNIF_bit, BitPos(CNIF_bit+0)
L_end_interrupt_PinChangeNotification:
0x0F4C	0x78064F  	POP	W12
0x0F4E	0x7805CF  	POP	W11
0x0F50	0x78054F  	POP	W10
0x0F52	0x2001A0  	MOV	#26, W0
0x0F54	0x09000C  	REPEAT	#12
0x0F56	0x78104F  	POP	[W0--]
0x0F58	0x78004F  	POP	W0
0x0F5A	0xF90036  	POP	RCOUNT
0x0F5C	0xF90034  	POP	PSVPAG
0x0F5E	0xFA8000  	ULNK
0x0F60	0x064000  	RETFIE
; end of _interrupt_PinChangeNotification
_FloatToStr:
0x0AC8	0xFA0020  	LNK	#32
0x0ACA	0xEF2000  	CLR	W0
0x0ACC	0x980F50  	MOV	W0, [W14+26]
0x0ACE	0x781F8C  	PUSH	W12
0x0AD0	0xBE9F8A  	PUSH.D	W10
0x0AD2	0xBE000A  	MOV.D	W10, W0
0x0AD4	0x07FD47  	RCALL	__Float2Longint
0x0AD6	0xBE054F  	POP.D	W10
0x0AD8	0x78064F  	POP	W12
; tmpli start address is: 4 (W2)
0x0ADA	0xBE0100  	MOV.D	W0, W2
0x0ADC	0xBE9F82  	PUSH.D	W2
0x0ADE	0x781F8C  	PUSH	W12
0x0AE0	0xBE9F8A  	PUSH.D	W10
0x0AE2	0xEF2004  	CLR	W2
0x0AE4	0xEF2006  	CLR	W3
0x0AE6	0xBE000A  	MOV.D	W10, W0
0x0AE8	0x07FCCF  	RCALL	__Compare_Le_Fp
0x0AEA	0xE00000  	CP0	W0
0x0AEC	0xEF2000  	CLR	W0
0x0AEE	0x3D0001  	BRA GE	L__FloatToStr288
0x0AF0	0xEEA000  	COM	W0
L__FloatToStr288:
0x0AF2	0xBE054F  	POP.D	W10
0x0AF4	0x78064F  	POP	W12
0x0AF6	0xBE014F  	POP.D	W2
0x0AF8	0xE20000  	CP0	W0
0x0AFA	0x320002  	BRA Z	L__FloatToStr178
L__FloatToStr289:
0x0AFC	0x2FFFF0  	MOV	#65535, W0
0x0AFE	0x980F50  	MOV	W0, [W14+26]
L__FloatToStr178:
0x0B00	0x470062  	ADD	W14, #2, W0
0x0B02	0xBE9F82  	PUSH.D	W2
0x0B04	0x781F8C  	PUSH	W12
0x0B06	0xBE9F8A  	PUSH.D	W10
0x0B08	0x780600  	MOV	W0, W12
0x0B0A	0xBE0502  	MOV.D	W2, W10
0x0B0C	0x07FCC2  	RCALL	_LongIntToStr
0x0B0E	0xBE054F  	POP.D	W10
0x0B10	0x78064F  	POP	W12
0x0B12	0xBE014F  	POP.D	W2
0x0B14	0x781F8C  	PUSH	W12
; tmpli end address is: 4 (W2)
0x0B16	0xBE9F8A  	PUSH.D	W10
0x0B18	0xBE0002  	MOV.D	W2, W0
0x0B1A	0xEB8100  	SETM	W2
0x0B1C	0x07FD6F  	RCALL	__Long2Float
0x0B1E	0xBE054F  	POP.D	W10
0x0B20	0xBE9F8A  	PUSH.D	W10
0x0B22	0xBE0100  	MOV.D	W0, W2
0x0B24	0xBE000A  	MOV.D	W10, W0
0x0B26	0x07FD65  	RCALL	__Sub_FP
0x0B28	0x250002  	MOV	#20480, W2
0x0B2A	0x247C33  	MOV	#18371, W3
0x0B2C	0x07FDC2  	RCALL	__Mul_FP
0x0B2E	0x07FD1A  	RCALL	__Float2Longint
0x0B30	0xBE054F  	POP.D	W10
0x0B32	0x78064F  	POP	W12
; tmpli start address is: 4 (W2)
0x0B34	0xBE0100  	MOV.D	W0, W2
0x0B36	0xE10060  	CP	W0, #0
0x0B38	0xE18860  	CPB	W1, #0
0x0B3A	0x3D0005  	BRA GE	L__FloatToStr218
L__FloatToStr290:
; tmpli start address is: 0 (W0)
0x0B3C	0x110060  	SUBR	W2, #0, W0
0x0B3E	0x1980E0  	SUBBR	W3, #0, W1
; tmpli end address is: 4 (W2)
0x0B40	0x780101  	MOV	W1, W2
0x0B42	0x780080  	MOV	W0, W1
; tmpli end address is: 0 (W0)
0x0B44	0x370002  	BRA	L__FloatToStr181
L__FloatToStr218:
0x0B46	0x780082  	MOV	W2, W1
0x0B48	0x780103  	MOV	W3, W2
L__FloatToStr181:
; tmpli start address is: 2 (W1)
0x0B4A	0x47006E  	ADD	W14, #14, W0
0x0B4C	0x781F8C  	PUSH	W12
0x0B4E	0xBE9F8A  	PUSH.D	W10
0x0B50	0x780600  	MOV	W0, W12
0x0B52	0x780501  	MOV	W1, W10
0x0B54	0x780582  	MOV	W2, W11
; tmpli end address is: 2 (W1)
0x0B56	0x07FC9D  	RCALL	_LongIntToStr
0x0B58	0xBE054F  	POP.D	W10
0x0B5A	0x78064F  	POP	W12
; i start address is: 4 (W2)
0x0B5C	0xEF2004  	CLR	W2
0x0B5E	0xEF2000  	CLR	W0
0x0B60	0x980700  	MOV	W0, [W14+0]
0x0B62	0x78008C  	MOV	W12, W1
0x0B64	0xB3C200  	MOV.B	#32, W0
0x0B66	0x785880  	MOV.B	W0, [W1++]
0x0B68	0xB3C200  	MOV.B	#32, W0
0x0B6A	0x785880  	MOV.B	W0, [W1++]
0x0B6C	0xB3C200  	MOV.B	#32, W0
0x0B6E	0x785880  	MOV.B	W0, [W1++]
0x0B70	0xB3C200  	MOV.B	#32, W0
0x0B72	0x785880  	MOV.B	W0, [W1++]
0x0B74	0xB3C200  	MOV.B	#32, W0
0x0B76	0x785880  	MOV.B	W0, [W1++]
0x0B78	0xB3C200  	MOV.B	#32, W0
0x0B7A	0x785880  	MOV.B	W0, [W1++]
0x0B7C	0xB3C200  	MOV.B	#32, W0
0x0B7E	0x785880  	MOV.B	W0, [W1++]
0x0B80	0xB3C200  	MOV.B	#32, W0
0x0B82	0x785880  	MOV.B	W0, [W1++]
0x0B84	0xB3C200  	MOV.B	#32, W0
0x0B86	0x785880  	MOV.B	W0, [W1++]
0x0B88	0xB3C200  	MOV.B	#32, W0
0x0B8A	0x785880  	MOV.B	W0, [W1++]
0x0B8C	0xB3C300  	MOV.B	#48, W0
0x0B8E	0x785880  	MOV.B	W0, [W1++]
0x0B90	0xEF2000  	CLR	W0
0x0B92	0x785880  	MOV.B	W0, [W1++]
0x0B94	0x781F82  	PUSH	W2
0x0B96	0x781F8C  	PUSH	W12
0x0B98	0xBE9F8A  	PUSH.D	W10
0x0B9A	0xBE000A  	MOV.D	W10, W0
0x0B9C	0x07FCE3  	RCALL	__Float2Longint
0x0B9E	0xBE054F  	POP.D	W10
0x0BA0	0xE10060  	CP	W0, #0
0x0BA2	0xE18860  	CPB	W1, #0
0x0BA4	0xEF2000  	CLR	W0
0x0BA6	0x3A0001  	BRA NZ	L__FloatToStr291
0x0BA8	0xEEA000  	COM	W0
L__FloatToStr291:
0x0BAA	0x980F70  	MOV	W0, [W14+30]
0x0BAC	0xEF2004  	CLR	W2
0x0BAE	0xEF2006  	CLR	W3
0x0BB0	0xBE000A  	MOV.D	W10, W0
0x0BB2	0x07FC6A  	RCALL	__Compare_Le_Fp
0x0BB4	0xE00000  	CP0	W0
0x0BB6	0xEF2000  	CLR	W0
0x0BB8	0x3D0001  	BRA GE	L__FloatToStr292
0x0BBA	0xEEA000  	COM	W0
L__FloatToStr292:
0x0BBC	0x78064F  	POP	W12
0x0BBE	0x78014F  	POP	W2
0x0BC0	0x9008FE  	MOV	[W14+30], W1
0x0BC2	0x608000  	AND	W1, W0, W0
0x0BC4	0xE20000  	CP0	W0
0x0BC6	0x320005  	BRA Z	L__FloatToStr219
L__FloatToStr293:
; i end address is: 4 (W2)
0x0BC8	0xB3C2D0  	MOV.B	#45, W0
0x0BCA	0x784E00  	MOV.B	W0, [W12]
; i start address is: 2 (W1)
0x0BCC	0x200011  	MOV	#1, W1
; i end address is: 2 (W1)
0x0BCE	0x780101  	MOV	W1, W2
0x0BD0	0x370000  	BRA	L__FloatToStr184
L__FloatToStr219:
L__FloatToStr184:
; i start address is: 4 (W2)
; ch start address is: 2 (W1)
0x0BD2	0x9040AE  	MOV.B	[W14+2], W1
; i end address is: 4 (W2)
; ch end address is: 2 (W1)
L__FloatToStr187:
; ch start address is: 2 (W1)
; i start address is: 4 (W2)
0x0BD4	0xB3C200  	MOV.B	#32, W0
0x0BD6	0xE10C00  	CP.B	W1, W0
0x0BD8	0x3A0007  	BRA NZ	L__FloatToStr188
L__FloatToStr294:
; ch end address is: 2 (W1)
0x0BDA	0x90000E  	MOV	[W14+0], W0
0x0BDC	0x4000E1  	ADD	W0, #1, W1
0x0BDE	0x980701  	MOV	W1, [W14+0]
0x0BE0	0x470062  	ADD	W14, #2, W0
0x0BE2	0x400001  	ADD	W0, W1, W0
; ch start address is: 2 (W1)
0x0BE4	0x784090  	MOV.B	[W0], W1
0x0BE6	0x37FFF6  	BRA	L__FloatToStr187
L__FloatToStr188:
; ch end address is: 2 (W1)
0x0BE8	0x780182  	MOV	W2, W3
L__FloatToStr192:
; i end address is: 4 (W2)
; i start address is: 6 (W3)
; ch start address is: 2 (W1)
0x0BEA	0xE10C60  	CP.B	W1, #0
0x0BEC	0x32000C  	BRA Z	L__FloatToStr193
L__FloatToStr295:
0x0BEE	0x460003  	ADD	W12, W3, W0
0x0BF0	0x784801  	MOV.B	W1, [W0]
; ch end address is: 2 (W1)
0x0BF2	0x90000E  	MOV	[W14+0], W0
0x0BF4	0x4000E1  	ADD	W0, #1, W1
0x0BF6	0x980701  	MOV	W1, [W14+0]
; i start address is: 4 (W2)
0x0BF8	0x418161  	ADD	W3, #1, W2
; i end address is: 6 (W3)
0x0BFA	0x470062  	ADD	W14, #2, W0
0x0BFC	0x400001  	ADD	W0, W1, W0
; ch start address is: 0 (W0)
0x0BFE	0x784010  	MOV.B	[W0], W0
0x0C00	0x784080  	MOV.B	W0, W1
; i end address is: 4 (W2)
; ch end address is: 0 (W0)
0x0C02	0x780182  	MOV	W2, W3
0x0C04	0x37FFF2  	BRA	L__FloatToStr192
L__FloatToStr193:
; i start address is: 6 (W3)
0x0C06	0x90085E  	MOV	[W14+26], W0
0x0C08	0xE10060  	CP	W0, #0
0x0C0A	0xEF2002  	CLR	W1
0x0C0C	0x3A0001  	BRA NZ	L__FloatToStr296
0x0C0E	0xEEA002  	COM	W1
L__FloatToStr296:
0x0C10	0xE11860  	CP	W3, #0
0x0C12	0xEF2000  	CLR	W0
0x0C14	0x3A0001  	BRA NZ	L__FloatToStr297
0x0C16	0xEEA000  	COM	W0
L__FloatToStr297:
0x0C18	0x608000  	AND	W1, W0, W0
0x0C1A	0x320006  	BRA Z	L__FloatToStr220
L__FloatToStr298:
0x0C1C	0x460083  	ADD	W12, W3, W1
0x0C1E	0xB3C300  	MOV.B	#48, W0
0x0C20	0x784880  	MOV.B	W0, [W1]
; i start address is: 0 (W0)
0x0C22	0x418061  	ADD	W3, #1, W0
; i end address is: 6 (W3)
0x0C24	0x780100  	MOV	W0, W2
; i end address is: 0 (W0)
0x0C26	0x370001  	BRA	L__FloatToStr197
L__FloatToStr220:
0x0C28	0x780103  	MOV	W3, W2
L__FloatToStr197:
; i start address is: 4 (W2)
0x0C2A	0xE11061  	CP	W2, #1
0x0C2C	0xEF2002  	CLR	W1
0x0C2E	0x3A0001  	BRA NZ	L__FloatToStr299
0x0C30	0xEEA002  	COM	W1
L__FloatToStr299:
0x0C32	0x47007A  	ADD	W14, #26, W0
0x0C34	0x608010  	AND	W1, [W0], W0
0x0C36	0x320006  	BRA Z	L__FloatToStr221
L__FloatToStr300:
0x0C38	0x460082  	ADD	W12, W2, W1
0x0C3A	0xB3C300  	MOV.B	#48, W0
0x0C3C	0x784880  	MOV.B	W0, [W1]
; i start address is: 0 (W0)
0x0C3E	0x410061  	ADD	W2, #1, W0
; i end address is: 4 (W2)
0x0C40	0x780100  	MOV	W0, W2
; i end address is: 0 (W0)
0x0C42	0x370000  	BRA	L__FloatToStr200
L__FloatToStr221:
L__FloatToStr200:
; i start address is: 4 (W2)
0x0C44	0x460082  	ADD	W12, W2, W1
0x0C46	0xB3C2E0  	MOV.B	#46, W0
0x0C48	0x784880  	MOV.B	W0, [W1]
0x0C4A	0xEC2004  	INC	W2
0x0C4C	0x200060  	MOV	#6, W0
0x0C4E	0x980700  	MOV	W0, [W14+0]
; ch start address is: 2 (W1)
0x0C50	0x9050CE  	MOV.B	[W14+20], W1
; i end address is: 4 (W2)
; ch end address is: 2 (W1)
L__FloatToStr203:
; ch start address is: 2 (W1)
; i start address is: 4 (W2)
0x0C52	0xE10C60  	CP.B	W1, #0
0x0C54	0x320011  	BRA Z	L__FloatToStr204
L__FloatToStr301:
0x0C56	0xB3C200  	MOV.B	#32, W0
0x0C58	0xE10C00  	CP.B	W1, W0
0x0C5A	0x3A0002  	BRA NZ	L__FloatToStr222
L__FloatToStr302:
0x0C5C	0xB3C301  	MOV.B	#48, W1
; ch end address is: 2 (W1)
0x0C5E	0x370000  	BRA	L__FloatToStr208
L__FloatToStr222:
L__FloatToStr208:
; ch start address is: 2 (W1)
0x0C60	0x460002  	ADD	W12, W2, W0
0x0C62	0x784801  	MOV.B	W1, [W0]
; ch end address is: 2 (W1)
0x0C64	0x90000E  	MOV	[W14+0], W0
0x0C66	0x4000E1  	ADD	W0, #1, W1
0x0C68	0x980701  	MOV	W1, [W14+0]
; i start address is: 6 (W3)
0x0C6A	0x4101E1  	ADD	W2, #1, W3
; i end address is: 4 (W2)
0x0C6C	0x47006E  	ADD	W14, #14, W0
0x0C6E	0x400001  	ADD	W0, W1, W0
; ch start address is: 0 (W0)
0x0C70	0x784010  	MOV.B	[W0], W0
0x0C72	0x780103  	MOV	W3, W2
; i end address is: 6 (W3)
; ch end address is: 0 (W0)
0x0C74	0x784080  	MOV.B	W0, W1
0x0C76	0x37FFED  	BRA	L__FloatToStr203
L__FloatToStr204:
; i start address is: 4 (W2)
0x0C78	0x460082  	ADD	W12, W2, W1
; i end address is: 4 (W2)
0x0C7A	0xEF2000  	CLR	W0
0x0C7C	0x784880  	MOV.B	W0, [W1]
L_end_FloatToStr:
0x0C7E	0xFA8000  	ULNK
0x0C80	0x060000  	RETURN
; end of _FloatToStr
_LongIntToStr:
0x0492	0xFA0000  	LNK	#0
0x0494	0x200000  	MOV	#0, W0
0x0496	0x280001  	MOV	#32768, W1
0x0498	0xE15000  	CP	W10, W0
0x049A	0xE1D801  	CPB	W11, W1
0x049C	0x3A001A  	BRA NZ	L__LongIntToStr104
L__LongIntToStr262:
0x049E	0x78008C  	MOV	W12, W1
0x04A0	0xB3C2D0  	MOV.B	#45, W0
0x04A2	0x785880  	MOV.B	W0, [W1++]
0x04A4	0xB3C320  	MOV.B	#50, W0
0x04A6	0x785880  	MOV.B	W0, [W1++]
0x04A8	0xB3C310  	MOV.B	#49, W0
0x04AA	0x785880  	MOV.B	W0, [W1++]
0x04AC	0xB3C340  	MOV.B	#52, W0
0x04AE	0x785880  	MOV.B	W0, [W1++]
0x04B0	0xB3C370  	MOV.B	#55, W0
0x04B2	0x785880  	MOV.B	W0, [W1++]
0x04B4	0xB3C340  	MOV.B	#52, W0
0x04B6	0x785880  	MOV.B	W0, [W1++]
0x04B8	0xB3C380  	MOV.B	#56, W0
0x04BA	0x785880  	MOV.B	W0, [W1++]
0x04BC	0xB3C330  	MOV.B	#51, W0
0x04BE	0x785880  	MOV.B	W0, [W1++]
0x04C0	0xB3C360  	MOV.B	#54, W0
0x04C2	0x785880  	MOV.B	W0, [W1++]
0x04C4	0xB3C340  	MOV.B	#52, W0
0x04C6	0x785880  	MOV.B	W0, [W1++]
0x04C8	0xB3C380  	MOV.B	#56, W0
0x04CA	0x785880  	MOV.B	W0, [W1++]
0x04CC	0xEF2000  	CLR	W0
0x04CE	0x785880  	MOV.B	W0, [W1++]
0x04D0	0x370047  	BRA	L_end__LongIntToStr
L__LongIntToStr104:
; negative start address is: 8 (W4)
0x04D2	0xEF2008  	CLR	W4
0x04D4	0xE15060  	CP	W10, #0
0x04D6	0xE1D860  	CPB	W11, #0
0x04D8	0x3D0005  	BRA GE	L__LongIntToStr214
L__LongIntToStr263:
0x04DA	0x2FFFF4  	MOV	#65535, W4
0x04DC	0x150060  	SUBR	W10, #0, W0
0x04DE	0x1D80E0  	SUBBR	W11, #0, W1
0x04E0	0xBE0500  	MOV.D	W0, W10
; negative end address is: 8 (W4)
0x04E2	0x370000  	BRA	L__LongIntToStr107
L__LongIntToStr214:
L__LongIntToStr107:
; negative start address is: 8 (W4)
0x04E4	0x78008C  	MOV	W12, W1
0x04E6	0xB3C200  	MOV.B	#32, W0
0x04E8	0x785880  	MOV.B	W0, [W1++]
0x04EA	0xB3C200  	MOV.B	#32, W0
0x04EC	0x785880  	MOV.B	W0, [W1++]
0x04EE	0xB3C200  	MOV.B	#32, W0
0x04F0	0x785880  	MOV.B	W0, [W1++]
0x04F2	0xB3C200  	MOV.B	#32, W0
0x04F4	0x785880  	MOV.B	W0, [W1++]
0x04F6	0xB3C200  	MOV.B	#32, W0
0x04F8	0x785880  	MOV.B	W0, [W1++]
0x04FA	0xB3C200  	MOV.B	#32, W0
0x04FC	0x785880  	MOV.B	W0, [W1++]
0x04FE	0xB3C200  	MOV.B	#32, W0
0x0500	0x785880  	MOV.B	W0, [W1++]
0x0502	0xB3C200  	MOV.B	#32, W0
0x0504	0x785880  	MOV.B	W0, [W1++]
0x0506	0xB3C200  	MOV.B	#32, W0
0x0508	0x785880  	MOV.B	W0, [W1++]
0x050A	0xB3C200  	MOV.B	#32, W0
0x050C	0x785880  	MOV.B	W0, [W1++]
0x050E	0xB3C300  	MOV.B	#48, W0
0x0510	0x785880  	MOV.B	W0, [W1++]
0x0512	0xEF2000  	CLR	W0
0x0514	0x785880  	MOV.B	W0, [W1++]
; ptr start address is: 10 (W5)
0x0516	0x4602EA  	ADD	W12, #10, W5
; negative end address is: 8 (W4)
; ptr end address is: 10 (W5)
L__LongIntToStr110:
; ptr start address is: 10 (W5)
; negative start address is: 8 (W4)
0x0518	0xE15060  	CP	W10, #0
0x051A	0xE1D860  	CPB	W11, #0
0x051C	0x32001D  	BRA Z	L__LongIntToStr111
L__LongIntToStr264:
0x051E	0xBE9F84  	PUSH.D	W4
0x0520	0x781F8C  	PUSH	W12
0x0522	0xBE9F8A  	PUSH.D	W10
0x0524	0x2000A2  	MOV	#10, W2
0x0526	0x200003  	MOV	#0, W3
0x0528	0xBE000A  	MOV.D	W10, W0
0x052A	0xEB8200  	SETM	W4
0x052C	0x07FEA2  	RCALL	__Modulus_32x32
0x052E	0xBE054F  	POP.D	W10
0x0530	0x78064F  	POP	W12
0x0532	0xBE024F  	POP.D	W4
0x0534	0x200302  	MOV	#48, W2
0x0536	0x200003  	MOV	#0, W3
0x0538	0x400002  	ADD	W0, W2, W0
0x053A	0x784A80  	MOV.B	W0, [W5]
0x053C	0xBE9F84  	PUSH.D	W4
0x053E	0x781F8C  	PUSH	W12
0x0540	0xBE9F8A  	PUSH.D	W10
0x0542	0x2000A2  	MOV	#10, W2
0x0544	0x200003  	MOV	#0, W3
0x0546	0xBE000A  	MOV.D	W10, W0
0x0548	0xEB8200  	SETM	W4
0x054A	0x07FEBF  	RCALL	__Divide_32x32
0x054C	0xBE054F  	POP.D	W10
0x054E	0x78064F  	POP	W12
0x0550	0xBE024F  	POP.D	W4
0x0552	0xBE0500  	MOV.D	W0, W10
0x0554	0xED200A  	DEC	W5
0x0556	0x37FFE0  	BRA	L__LongIntToStr110
L__LongIntToStr111:
0x0558	0xE20008  	CP0	W4
0x055A	0x320002  	BRA Z	L__LongIntToStr115
L__LongIntToStr265:
; negative end address is: 8 (W4)
0x055C	0xB3C2D0  	MOV.B	#45, W0
0x055E	0x784A80  	MOV.B	W0, [W5]
; ptr end address is: 10 (W5)
L__LongIntToStr115:
L_end__LongIntToStr:
L_end_LongIntToStr:
0x0560	0xFA8000  	ULNK
0x0562	0x060000  	RETURN
; end of _LongIntToStr
__Float2Longint:
0x0564	0xFA0000  	LNK	#0
0x0566	0x070002  	RCALL	Float2Longint__fixsfsi
0x0568	0x0000000405D8  	GOTO	the_end__Float2Longint
Float2Longint__fixsfsi:
0x056C	0xBE8100  	MOV.D	W0, W2
0x056E	0x07001F  	RCALL	Float2Longint__funpack
0x0570	0xA77004  	BTSC	W4, #7
0x0572	0xA1F003  	BCLR	W3, #15
0x0574	0xB10965  	SUB	#150, W5
0x0576	0x320016  	BRA Z	Float2Longint_setsign
0x0578	0x35000D  	BRA LT	Float2Longint_shiftright
0x057A	0xE12868  	CP	W5, #8
0x057C	0x350006  	BRA LT	Float2Longint_shiftleft
0x057E	0x2FFFF0  	MOV	#65535, W0
0x0580	0x27FFF1  	MOV	#32767, W1
0x0582	0xE20006  	CP0	W3
0x0584	0x3B0013  	BRA NN	Float2Longint_exit
0x0586	0x280001  	MOV	#32768, W1
0x0588	0x050000  	RETLW	#0, W0
Float2Longint_shiftleft:
0x058A	0x400000  	ADD	W0, W0, W0
0x058C	0x488081  	ADDC	W1, W1, W1
0x058E	0xE90285  	DEC	W5, W5
0x0590	0x3AFFFC  	BRA NZ	Float2Longint_shiftleft
0x0592	0x370008  	BRA	Float2Longint_setsign
Float2Longint_shiftright:
0x0594	0x428FF8  	ADD	W5, #24, [W15]
0x0596	0x3C0002  	BRA GT	Float2Longint_shiftrightloop
0x0598	0xEB0080  	CLR	W1
0x059A	0x050000  	RETLW	#0, W0
Float2Longint_shiftrightloop:
0x059C	0xD10081  	LSR	W1, W1
0x059E	0xD38000  	RRC	W0, W0
0x05A0	0xE80285  	INC	W5, W5
0x05A2	0x3AFFFC  	BRA NZ	Float2Longint_shiftrightloop
Float2Longint_setsign:
0x05A4	0xE20006  	CP0	W3
0x05A6	0x3B0002  	BRA NN	Float2Longint_exit
0x05A8	0x100060  	SUBR	W0, #0, W0
0x05AA	0x1880E0  	SUBBR	W1, #0, W1
Float2Longint_exit:
0x05AC	0x060000  	RETURN
Float2Longint__funpack:
0x05AE	0xDE0AC7  	LSR	W1, #7, W5
0x05B0	0xB207F1  	AND	#127, W1
0x05B2	0xB20FF5  	AND	#255, W5
0x05B4	0x320008  	BRA Z	Float2Longint_zeroorsub
0x05B6	0x42CFE1  	ADD.B	W5, #1, [W15]
0x05B8	0x320002  	BRA Z	Float2Longint_nanorinf
Float2Longint_finitereturn:
0x05BA	0xA8E002  	BSET	W1, #7
0x05BC	0x050024  	RETLW	#2, W4
Float2Longint_nanorinf:
0x05BE	0x700F81  	IOR	W0, W1, [W15]
0x05C0	0x320001  	BRA Z	Float2Longint_infinite
0x05C2	0x050804  	RETLW	#128, W4
Float2Longint_infinite:
0x05C4	0x050044  	RETLW	#4, W4
Float2Longint_zeroorsub:
0x05C6	0x700F81  	IOR	W0, W1, [W15]
0x05C8	0x3A0002  	BRA NZ	Float2Longint_subnormal
0x05CA	0x050014  	RETLW	#1, W4
Float2Longint_normalize:
0x05CC	0xE90285  	DEC	W5, W5
Float2Longint_subnormal:
0x05CE	0x400000  	ADD	W0, W0, W0
0x05D0	0x48C081  	ADDC.B	W1, W1, W1
0x05D2	0x3BFFFC  	BRA NN	Float2Longint_normalize
0x05D4	0xA8E002  	BSET	W1, #7
0x05D6	0x050024  	RETLW	#2, W4
the_end__Float2Longint:
L_end__Float2Longint:
0x05D8	0xFA8000  	ULNK
0x05DA	0x060000  	RETURN
; end of __Float2Longint
__Compare_Le_Fp:
0x0488	0xFA0000  	LNK	#0
0x048A	0x200014  	MOV	#1, W4
0x048C	0x07FEB9  	RCALL	__Compare_Fp
L_end__Compare_Le_Fp:
0x048E	0xFA8000  	ULNK
0x0490	0x060000  	RETURN
; end of __Compare_Le_Fp
__Compare_Fp:
0x0200	0xFA0000  	LNK	#0
0x0202	0x070002  	RCALL	CompareFp__fcompare
0x0204	0x00000004026E  	GOTO	the_end__Compare_Fp
CompareFp__fcompare:
0x0208	0x781F84  	MOV	W4, [W15++]
0x020A	0x070014  	RCALL	CompareFp__funpack2
0x020C	0x78004F  	MOV	[--W15], W0
0x020E	0x330011  	BRA N	CompareFp_exit
0x0210	0x2FFFF0  	MOV	#65535, W0
0x0212	0x6C8F83  	XOR	W9, W3, [W15]
0x0214	0x3B0006  	BRA NN	CompareFp_comparemag
0x0216	0x650504  	AND	W10, W4, W10
0x0218	0xA7000A  	BTSC	W10, #0
0x021A	0x370008  	BRA	CompareFp_returnEqual
0x021C	0xA6F009  	BTSS	W9, #15
0x021E	0x200010  	MOV	#1, W0
0x0220	0x370008  	BRA	CompareFp_exit
CompareFp_comparemag:
0x0222	0x540F82  	SUB	W8, W2, [W15]
0x0224	0x5C8F83  	SUBB	W9, W3, [W15]
0x0226	0x390003  	BRA LTU	CompareFp_adjust
0x0228	0x200010  	MOV	#1, W0
0x022A	0x3E0001  	BRA GTU	CompareFp_adjust
CompareFp_returnEqual:
0x022C	0x200000  	MOV	#0, W0
CompareFp_adjust:
0x022E	0xA7F009  	BTSC	W9, #15
0x0230	0xEA0000  	NEG	W0, W0
CompareFp_exit:
0x0232	0x060000  	RETURN
CompareFp__funpack2:
0x0234	0xBE8400  	MOV.D	W0, W8
0x0236	0x070006  	RCALL	CompareFp__funpack
0x0238	0xBE8300  	MOV.D	W0, W6
0x023A	0xBE8504  	MOV.D	W4, W10
0x023C	0xBE8002  	MOV.D	W2, W0
0x023E	0x070002  	RCALL	CompareFp__funpack
0x0240	0x754F84  	IOR.B	W10, W4, [W15]
0x0242	0x060000  	RETURN
CompareFp__funpack:
0x0244	0xDE0AC7  	LSR	W1, #7, W5
0x0246	0xB207F1  	AND	#127, W1
0x0248	0xB20FF5  	AND	#255, W5
0x024A	0x320008  	BRA Z	CompareFp_zeroorsub
0x024C	0x42CFE1  	ADD.B	W5, #1, [W15]
0x024E	0x320002  	BRA Z	CompareFp_nanorinf
CompareFp_finitereturn:
0x0250	0xA8E002  	BSET	W1, #7
0x0252	0x050024  	RETLW	#2, W4
CompareFp_nanorinf:
0x0254	0x700F81  	IOR	W0, W1, [W15]
0x0256	0x320001  	BRA Z	CompareFp_infinite
0x0258	0x050804  	RETLW	#128, W4
CompareFp_infinite:
0x025A	0x050044  	RETLW	#4, W4
CompareFp_zeroorsub:
0x025C	0x700F81  	IOR	W0, W1, [W15]
0x025E	0x3A0002  	BRA NZ	CompareFp_subnormal
0x0260	0x050014  	RETLW	#1, W4
CompareFp_normalize:
0x0262	0xE90285  	DEC	W5, W5
CompareFp_subnormal:
0x0264	0x400000  	ADD	W0, W0, W0
0x0266	0x48C081  	ADDC.B	W1, W1, W1
0x0268	0x3BFFFC  	BRA NN	CompareFp_normalize
0x026A	0xA8E002  	BSET	W1, #7
0x026C	0x050024  	RETLW	#2, W4
the_end__Compare_Fp:
L_end__Compare_Fp:
0x026E	0xFA8000  	ULNK
0x0270	0x060000  	RETURN
; end of __Compare_Fp
__Long2Float:
0x05FC	0xFA0000  	LNK	#0
0x05FE	0x070002  	RCALL	LL_intro_Long2Float
0x0600	0x0000000406AE  	GOTO	the_end__Long2Float
LL_intro_Long2Float:
0x0604	0xE20004  	CP0	W2
0x0606	0x3A0006  	BRA NZ	Longint2Float__floatsisf
Longword2Float__floatuisf:
0x0608	0xEB0500  	CLR	W10
0x060A	0xE20002  	CP0	W1
0x060C	0x3E000F  	BRA GTU	Long2Float_notspecial
0x060E	0xE20000  	CP0	W0
0x0610	0x320027  	BRA Z	Long2Float_return0
0x0612	0x37000C  	BRA	Long2Float_notspecial
Longint2Float__floatsisf:
0x0614	0x8800A1  	MOV	W1, W10
0x0616	0xE20002  	CP0	W1
0x0618	0x350004  	BRA LT	Longint2Float_negative
0x061A	0x3C0008  	BRA GT	Long2Float_notspecial
0x061C	0xE20000  	CP0	W0
0x061E	0x320020  	BRA Z	Long2Float_return0
0x0620	0x370005  	BRA	Long2Float_notspecial
Longint2Float_negative:
0x0622	0x100060  	SUBR	W0, #0, W0
0x0624	0x1880E0  	SUBBR	W1, #0, W1
0x0626	0x3B0002  	BRA NN	Long2Float_notspecial
0x0628	0x2CF001  	MOV	#52992, W1
0x062A	0x37001A  	BRA	Long2Float_return0
Long2Float_notspecial:
0x062C	0xBE8400  	MOV.D	W0, W8
0x062E	0xB81160  	MUL.UU	W2, #0, W2
0x0630	0x20096B  	MOV	#150, W11
0x0632	0xCF8209  	FF1L	W9, W4
0x0634	0x390002  	BRA NC	Long2Float_fixshift
0x0636	0xCF8208  	FF1L	W8, W4
0x0638	0xB04104  	ADD.B	#16, W4
Long2Float_fixshift:
0x063A	0x524269  	SUB.B	W4, #9, W4
0x063C	0x32000E  	BRA Z	Long2Float_round
0x063E	0x3B0008  	BRA NN	Long2Float_shiftleft
Long2Float_shiftright:
0x0640	0x718182  	IOR	W3, W2, W3
0x0642	0x640161  	AND	W8, #1, W2
0x0644	0xD10489  	LSR	W9, W9
0x0646	0xD38408  	RRC	W8, W8
0x0648	0xE8058B  	INC	W11, W11
0x064A	0xE84204  	INC.B	W4, W4
0x064C	0x3AFFF9  	BRA NZ	Long2Float_shiftright
0x064E	0x370005  	BRA	Long2Float_round
Long2Float_shiftleft:
0x0650	0x440408  	ADD	W8, W8, W8
0x0652	0x4C8489  	ADDC	W9, W9, W9
0x0654	0xE9058B  	DEC	W11, W11
0x0656	0xE94204  	DEC.B	W4, W4
0x0658	0x3AFFFB  	BRA NZ	Long2Float_shiftleft
Long2Float_round:
0x065A	0x070003  	RCALL	Long2Float__fpack
0x065C	0xA7F00A  	BTSC	W10, #15
0x065E	0xA8E003  	BSET	W1, #15
Long2Float_return0:
0x0660	0x060000  	RETURN
Long2Float__fpack:
0x0662	0x200081  	MOV	#8, W1
0x0664	0x558061  	SUB	W11, #1, W0
0x0666	0x3D000B  	BRA GE	Long2Float_notsubnormal
0x0668	0x20000B  	MOV	#0, W11
0x066A	0x2FFE61  	MOV	#65510, W1
0x066C	0xE10001  	CP	W0, W1
0x066E	0x34001D  	BRA LE	Long2Float_zerosig
Long2Float_subnormal:
0x0670	0x718182  	IOR	W3, W2, W3
0x0672	0x640161  	AND	W8, #1, W2
0x0674	0xD10489  	LSR	W9, W9
0x0676	0xD38408  	RRC	W8, W8
0x0678	0xE80000  	INC	W0, W0
0x067A	0x3AFFFA  	BRA NZ	Long2Float_subnormal
0x067C	0x200071  	MOV	#7, W1
Long2Float_notsubnormal:
0x067E	0x640061  	AND	W8, #1, W0
0x0680	0x700003  	IOR	W0, W3, W0
0x0682	0x600002  	AND	W0, W2, W0
0x0684	0x320009  	BRA Z	Long2Float_packupandgo
0x0686	0x440461  	ADD	W8, #1, W8
0x0688	0x4C84E0  	ADDC	W9, #0, W9
0x068A	0xA58809  	BTST.Z	W9, W1
0x068C	0x320005  	BRA Z	Long2Float_packupandgo
0x068E	0xE8058B  	INC	W11, W11
0x0690	0xE10868  	CP	W1, #8
0x0692	0x3A0002  	BRA NZ	Long2Float_packupandgo
0x0694	0xD10489  	LSR	W9, W9
0x0696	0xD38408  	RRC	W8, W8
Long2Float_packupandgo:
0x0698	0x200FF2  	MOV	#255, W2
0x069A	0xE15802  	CP	W11, W2
0x069C	0x3D0005  	BRA GE	Long2Float_overflow
0x069E	0xDD5DC7  	SL	W11, #7, W11
0x06A0	0xB207F9  	AND	#127, W9
0x06A2	0x758089  	IOR	W11, W9, W1
0x06A4	0x880008  	MOV	W8, W0
0x06A6	0x060000  	RETURN
Long2Float_overflow:
0x06A8	0x27F80B  	MOV	#32640, W11
Long2Float_zerosig:
0x06AA	0x88001B  	MOV	W11, W1
0x06AC	0x050000  	RETLW	#0, W0
the_end__Long2Float:
L_end__Long2Float:
0x06AE	0xFA8000  	ULNK
0x06B0	0x060000  	RETURN
; end of __Long2Float
__Sub_FP:
0x05F2	0xFA0000  	LNK	#0
0x05F4	0xAAE007  	BTG	W3, #15
0x05F6	0x07FE92  	RCALL	__AddSub_FP
L_end__Sub_FP:
0x05F8	0xFA8000  	ULNK
0x05FA	0x060000  	RETURN
; end of __Sub_FP
__AddSub_FP:
0x031C	0xFA0000  	LNK	#0
0x031E	0x070002  	RCALL	AddSubFP__addsf3
0x0320	0x000000040484  	GOTO	the_end__AddSub_FP
AddSubFP__addsf3:
0x0324	0xBE9F88  	MOV.D	W8, [W15++]
0x0326	0xBE9F8A  	MOV.D	W10, [W15++]
0x0328	0x781F8C  	MOV	W12, [W15++]
0x032A	0x070059  	RCALL	AddSubFP__funpack2
0x032C	0x330060  	BRA N	AddSubFP__fPropagateNaN
0x032E	0xE15064  	CP	W10, #4
0x0330	0x32004F  	BRA Z	AddSubFP_aisinfinite
AddSubFP_checkspecialb:
0x0332	0xE12064  	CP	W4, #4
0x0334	0x320052  	BRA Z	AddSubFP_return2_3
0x0336	0x6C8203  	XOR	W9, W3, W4
0x0338	0x3B0007  	BRA NN	AddSubFP_getsign
0x033A	0xD00509  	SL	W9, W10
0x033C	0xD00603  	SL	W3, W12
0x033E	0x540F82  	SUB	W8, W2, [W15]
0x0340	0x5D060C  	SUBB	W10, W12, W12
0x0342	0x390002  	BRA NC	AddSubFP_getsign
0x0344	0x320002  	BRA Z	AddSubFP_gotsign
0x0346	0x880039  	MOV	W9, W3
AddSubFP_getsign:
0x0348	0x8800C3  	MOV	W3, W12
AddSubFP_gotsign:
0x034A	0x558285  	SUB	W11, W5, W5
0x034C	0x3D0004  	BRA GE	AddSubFP_expcanonical
0x034E	0xFD0300  	EXCH	W0, W6
0x0350	0xFD0381  	EXCH	W1, W7
0x0352	0xEA0285  	NEG	W5, W5
0x0354	0x42858B  	ADD	W5, W11, W11
AddSubFP_expcanonical:
0x0356	0x720F84  	IOR	W4, W4, [W15]
0x0358	0x3B0002  	BRA NN	AddSubFP_nonegate
0x035A	0x100060  	SUBR	W0, #0, W0
0x035C	0x1880E0  	SUBBR	W1, #0, W1
AddSubFP_nonegate:
0x035E	0xB81160  	MUL.UU	W2, #0, W2
0x0360	0xEB0500  	CLR	W10
0x0362	0xE1287A  	CP	W5, #26
0x0364	0x39000A  	BRA NC	AddSubFP_aligniter
0x0366	0x880006  	MOV	W6, W0
0x0368	0xDD5DC7  	SL	W11, #7, W11
0x036A	0xB207F7  	AND	#127, W7
0x036C	0x758087  	IOR	W11, W7, W1
0x036E	0x37002D  	BRA	AddSubFP_signoff
AddSubFP_align:
0x0370	0x718182  	IOR	W3, W2, W3
0x0372	0x88002A  	MOV	W10, W2
0x0374	0x600561  	AND	W0, #1, W10
0x0376	0xD18081  	ASR	W1, W1
0x0378	0xD38000  	RRC	W0, W0
AddSubFP_aligniter:
0x037A	0xE90285  	DEC	W5, W5
0x037C	0x3BFFF9  	BRA NN	AddSubFP_align
AddSubFP_aligned:
0x037E	0x400406  	ADD	W0, W6, W8
0x0380	0x488487  	ADDC	W1, W7, W9
0x0382	0x3B0002  	BRA NN	AddSubFP_normalizesum
0x0384	0x140460  	SUBR	W8, #0, W8
0x0386	0x1C84E0  	SUBBR	W9, #0, W9
AddSubFP_normalizesum:
0x0388	0xA38809  	BTST.Z	W9, #8
0x038A	0x320007  	BRA Z	AddSubFP_checknormal
0x038C	0x71818A  	IOR	W3, W10, W3
0x038E	0x718182  	IOR	W3, W2, W3
0x0390	0x640161  	AND	W8, #1, W2
0x0392	0xD10489  	LSR	W9, W9
0x0394	0xD38408  	RRC	W8, W8
0x0396	0xE8058B  	INC	W11, W11
0x0398	0x370017  	BRA	AddSubFP_round
AddSubFP_checknormal:
0x039A	0xA37809  	BTST.Z	W9, #7
0x039C	0x3A0013  	BRA NZ	AddSubFP_discardguard
AddSubFP_underflow:
0x039E	0xE20016  	CP0	W11
0x03A0	0x340013  	BRA LE	AddSubFP_round
0x03A2	0xE9058B  	DEC	W11, W11
0x03A4	0x440408  	ADD	W8, W8, W8
0x03A6	0x4C8489  	ADDC	W9, W9, W9
0x03A8	0x74440A  	IOR.B	W8, W10, W8
0x03AA	0xA37809  	BTST.Z	W9, #7
0x03AC	0x3A000D  	BRA NZ	AddSubFP_round
AddSubFP_normalizeloop:
0x03AE	0xE20016  	CP0	W11
0x03B0	0x340007  	BRA LE	AddSubFP_normalizeexit
0x03B2	0xE9058B  	DEC	W11, W11
0x03B4	0x440408  	ADD	W8, W8, W8
0x03B6	0x4C8489  	ADDC	W9, W9, W9
0x03B8	0x3A0001  	BRA NZ	AddSubFP_normalizetest
0x03BA	0x20000B  	MOV	#0, W11
AddSubFP_normalizetest:
0x03BC	0xA37809  	BTST.Z	W9, #7
0x03BE	0x32FFF7  	BRA Z	AddSubFP_normalizeloop
AddSubFP_normalizeexit:
0x03C0	0xEB0100  	CLR	W2
0x03C2	0x370002  	BRA	AddSubFP_round
AddSubFP_discardguard:
0x03C4	0x718182  	IOR	W3, W2, W3
0x03C6	0x88002A  	MOV	W10, W2
AddSubFP_round:
0x03C8	0x070022  	RCALL	AddSubFP__fpack
AddSubFP_signoff:
0x03CA	0xA7F00C  	BTSC	W12, #15
0x03CC	0xA8E003  	BSET	W1, #15
0x03CE	0x370018  	BRA	AddSubFP__fbopExit
AddSubFP_aisinfinite:
0x03D0	0xE12064  	CP	W4, #4
0x03D2	0x3A0002  	BRA NZ	AddSubFP_return8_3
0x03D4	0x6C8F83  	XOR	W9, W3, [W15]
0x03D6	0x330018  	BRA N	AddSubFP__fbopReturnNaN
AddSubFP_return8_3:
0x03D8	0xBE8108  	MOV.D	W8, W2
AddSubFP_return2_3:
0x03DA	0xBE8002  	MOV.D	W2, W0
0x03DC	0x370011  	BRA	AddSubFP__fbopExit
AddSubFP__funpack2:
0x03DE	0xBE8400  	MOV.D	W0, W8
0x03E0	0x07003C  	RCALL	AddSubFP__funpack
0x03E2	0xBE8300  	MOV.D	W0, W6
0x03E4	0xBE8504  	MOV.D	W4, W10
0x03E6	0xBE8002  	MOV.D	W2, W0
0x03E8	0x070038  	RCALL	AddSubFP__funpack
0x03EA	0x754F84  	IOR.B	W10, W4, [W15]
0x03EC	0x060000  	RETURN
AddSubFP__fPropagateNaN:
0x03EE	0xBE8002  	MOV.D	W2, W0
0x03F0	0xE15064  	CP	W10, #4
0x03F2	0x360005  	BRA LEU	AddSubFP_return0_1
0x03F4	0xE12064  	CP	W4, #4
0x03F6	0x360002  	BRA LEU	AddSubFP_return8_1
0x03F8	0xA36809  	BTST.Z	W9, #6
0x03FA	0x3A0001  	BRA NZ	AddSubFP_return0_1
AddSubFP_return8_1:
0x03FC	0xBE8008  	MOV.D	W8, W0
AddSubFP_return0_1:
0x03FE	0xA8C002  	BSET	W1, #6
AddSubFP__fbopExit:
0x0400	0x78064F  	MOV	[--W15], W12
0x0402	0xBE054F  	MOV.D	[--W15], W10
0x0404	0xBE044F  	MOV.D	[--W15], W8
0x0406	0x060000  	RETURN
AddSubFP__fbopReturnNaN:
0x0408	0x2FFFF0  	MOV	#65535, W0
0x040A	0x27FFF1  	MOV	#32767, W1
0x040C	0x37FFF9  	BRA	AddSubFP__fbopExit
AddSubFP__fpack:
0x040E	0x200081  	MOV	#8, W1
0x0410	0x558061  	SUB	W11, #1, W0
0x0412	0x3D000B  	BRA GE	AddSubFP_notsubnormal_1
0x0414	0x20000B  	MOV	#0, W11
0x0416	0x2FFE61  	MOV	#65510, W1
0x0418	0xE10001  	CP	W0, W1
0x041A	0x34001D  	BRA LE	AddSubFP_zerosig
AddSubFP_subnormal_1:
0x041C	0x718182  	IOR	W3, W2, W3
0x041E	0x640161  	AND	W8, #1, W2
0x0420	0xD10489  	LSR	W9, W9
0x0422	0xD38408  	RRC	W8, W8
0x0424	0xE80000  	INC	W0, W0
0x0426	0x3AFFFA  	BRA NZ	AddSubFP_subnormal_1
0x0428	0x200071  	MOV	#7, W1
AddSubFP_notsubnormal_1:
0x042A	0x640061  	AND	W8, #1, W0
0x042C	0x700003  	IOR	W0, W3, W0
0x042E	0x600002  	AND	W0, W2, W0
0x0430	0x320009  	BRA Z	AddSubFP_packupandgo
0x0432	0x440461  	ADD	W8, #1, W8
0x0434	0x4C84E0  	ADDC	W9, #0, W9
0x0436	0xA58809  	BTST.Z	W9, W1
0x0438	0x320005  	BRA Z	AddSubFP_packupandgo
0x043A	0xE8058B  	INC	W11, W11
0x043C	0xE10868  	CP	W1, #8
0x043E	0x3A0002  	BRA NZ	AddSubFP_packupandgo
0x0440	0xD10489  	LSR	W9, W9
0x0442	0xD38408  	RRC	W8, W8
AddSubFP_packupandgo:
0x0444	0x200FF2  	MOV	#255, W2
0x0446	0xE15802  	CP	W11, W2
0x0448	0x3D0005  	BRA GE	AddSubFP_overflow
0x044A	0xDD5DC7  	SL	W11, #7, W11
0x044C	0xB207F9  	AND	#127, W9
0x044E	0x758089  	IOR	W11, W9, W1
0x0450	0x880008  	MOV	W8, W0
0x0452	0x060000  	RETURN
AddSubFP_overflow:
0x0454	0x27F80B  	MOV	#32640, W11
AddSubFP_zerosig:
0x0456	0x88001B  	MOV	W11, W1
0x0458	0x050000  	RETLW	#0, W0
AddSubFP__funpack:
0x045A	0xDE0AC7  	LSR	W1, #7, W5
0x045C	0xB207F1  	AND	#127, W1
0x045E	0xB20FF5  	AND	#255, W5
0x0460	0x320008  	BRA Z	AddSubFP_zeroorsub
0x0462	0x42CFE1  	ADD.B	W5, #1, [W15]
0x0464	0x320002  	BRA Z	AddSubFP_nanorinf
AddSubFP_finitereturn:
0x0466	0xA8E002  	BSET	W1, #7
0x0468	0x050024  	RETLW	#2, W4
AddSubFP_nanorinf:
0x046A	0x700F81  	IOR	W0, W1, [W15]
0x046C	0x320001  	BRA Z	AddSubFP_infinite
0x046E	0x050804  	RETLW	#128, W4
AddSubFP_infinite:
0x0470	0x050044  	RETLW	#4, W4
AddSubFP_zeroorsub:
0x0472	0x700F81  	IOR	W0, W1, [W15]
0x0474	0x3A0002  	BRA NZ	AddSubFP_subnormal_2
0x0476	0x050014  	RETLW	#1, W4
AddSubFP_normalize:
0x0478	0xE90285  	DEC	W5, W5
AddSubFP_subnormal_2:
0x047A	0x400000  	ADD	W0, W0, W0
0x047C	0x48C081  	ADDC.B	W1, W1, W1
0x047E	0x3BFFFC  	BRA NN	AddSubFP_normalize
0x0480	0xA8E002  	BSET	W1, #7
0x0482	0x050024  	RETLW	#2, W4
the_end__AddSub_FP:
L_end__AddSub_FP:
0x0484	0xFA8000  	ULNK
0x0486	0x060000  	RETURN
; end of __AddSub_FP
__Mul_FP:
0x06B2	0xFA0000  	LNK	#0
0x06B4	0x070002  	RCALL	MulFP___mulsf3
0x06B6	0x0000000407C8  	GOTO	the_end__Mul_FP
MulFP___mulsf3:
0x06BA	0xBE9F88  	MOV.D	W8, [W15++]
0x06BC	0xBE9F8A  	MOV.D	W10, [W15++]
0x06BE	0x781F8C  	MOV	W12, [W15++]
0x06C0	0x070030  	RCALL	MulFP__funpack2
0x06C2	0x330037  	BRA N	MulFP__fPropagateNaN
0x06C4	0x6C8603  	XOR	W9, W3, W12
0x06C6	0xE15064  	CP	W10, #4
0x06C8	0x320024  	BRA Z	MulFP_aisinfinite
0x06CA	0xE12064  	CP	W4, #4
0x06CC	0x320027  	BRA Z	MulFP_bisinfinite
0x06CE	0xE15061  	CP	W10, #1
0x06D0	0x320022  	BRA Z	MulFP_return8_1
0x06D2	0xE12061  	CP	W4, #1
0x06D4	0x320021  	BRA Z	MulFP_return2_1
0x06D6	0x42858B  	ADD	W5, W11, W11
0x06D8	0xB107EB  	SUB	#126, W11
0x06DA	0xB83401  	MUL.UU	W6, W1, W8
0x06DC	0xB83A00  	MUL.UU	W7, W0, W4
0x06DE	0x420408  	ADD	W4, W8, W8
0x06E0	0x4A8489  	ADDC	W5, W9, W9
0x06E2	0xB83A01  	MUL.UU	W7, W1, W4
0x06E4	0xB83000  	MUL.UU	W6, W0, W0
0x06E6	0x408088  	ADD	W1, W8, W1
0x06E8	0x4A0109  	ADDC	W4, W9, W2
0x06EA	0x330004  	BRA N	MulFP_formsticky
0x06EC	0x400000  	ADD	W0, W0, W0
0x06EE	0x488081  	ADDC	W1, W1, W1
0x06F0	0x490102  	ADDC	W2, W2, W2
0x06F2	0xE9058B  	DEC	W11, W11
MulFP_formsticky:
0x06F4	0xDD09C9  	SL	W1, #9, W3
0x06F6	0x700183  	IOR	W0, W3, W3
0x06F8	0x320001  	BRA Z	MulFP_formRandSig
0x06FA	0x200013  	MOV	#1, W3
MulFP_formRandSig:
0x06FC	0xDE14C8  	LSR	W2, #8, W9
0x06FE	0xDD1448  	SL	W2, #8, W8
0x0700	0xDE0947  	LSR	W1, #7, W2
0x0702	0xB20012  	AND	#1, W2
0x0704	0xDE08C8  	LSR	W1, #8, W1
0x0706	0x708408  	IOR	W1, W8, W8
0x0708	0x070024  	RCALL	MulFP__fpack
MulFP_return0_1:
0x070A	0xA1F001  	BCLR	W1, #15
0x070C	0xA7F00C  	BTSC	W12, #15
0x070E	0xA8E003  	BSET	W1, #15
0x0710	0x370019  	BRA	MulFP__fbopExit
MulFP_aisinfinite:
0x0712	0xE12061  	CP	W4, #1
0x0714	0x32001B  	BRA Z	MulFP__fbopReturnNaN
MulFP_return8_1:
0x0716	0xBE8108  	MOV.D	W8, W2
MulFP_return2_1:
0x0718	0xBE8002  	MOV.D	W2, W0
0x071A	0x37FFF7  	BRA	MulFP_return0_1
MulFP_bisinfinite:
0x071C	0xE15061  	CP	W10, #1
0x071E	0x3AFFFC  	BRA NZ	MulFP_return2_1
0x0720	0x370015  	BRA	MulFP__fbopReturnNaN
MulFP__funpack2:
0x0722	0xBE8400  	MOV.D	W0, W8
0x0724	0x07003C  	RCALL	MulFP__funpack
0x0726	0xBE8300  	MOV.D	W0, W6
0x0728	0xBE8504  	MOV.D	W4, W10
0x072A	0xBE8002  	MOV.D	W2, W0
0x072C	0x070038  	RCALL	MulFP__funpack
0x072E	0x754F84  	IOR.B	W10, W4, [W15]
0x0730	0x060000  	RETURN
MulFP__fPropagateNaN:
0x0732	0xBE8002  	MOV.D	W2, W0
0x0734	0xE15064  	CP	W10, #4
0x0736	0x360005  	BRA LEU	MulFP_return0_2
0x0738	0xE12064  	CP	W4, #4
0x073A	0x360002  	BRA LEU	MulFP_return8_2
0x073C	0xA36809  	BTST.Z	W9, #6
0x073E	0x3A0001  	BRA NZ	MulFP_return0_2
MulFP_return8_2:
0x0740	0xBE8008  	MOV.D	W8, W0
MulFP_return0_2:
0x0742	0xA8C002  	BSET	W1, #6
MulFP__fbopExit:
0x0744	0x78064F  	MOV	[--W15], W12
0x0746	0xBE054F  	MOV.D	[--W15], W10
0x0748	0xBE044F  	MOV.D	[--W15], W8
0x074A	0x060000  	RETURN
MulFP__fbopReturnNaN:
0x074C	0x2FFFF0  	MOV	#65535, W0
0x074E	0x27FFF1  	MOV	#32767, W1
0x0750	0x37FFF9  	BRA	MulFP__fbopExit
MulFP__fpack:
0x0752	0x200081  	MOV	#8, W1
0x0754	0x558061  	SUB	W11, #1, W0
0x0756	0x3D000B  	BRA GE	MulFP_notsubnormal
0x0758	0x20000B  	MOV	#0, W11
0x075A	0x2FFE61  	MOV	#65510, W1
0x075C	0xE10001  	CP	W0, W1
0x075E	0x34001D  	BRA LE	MulFP_zerosig
MulFP_subnormal1:
0x0760	0x718182  	IOR	W3, W2, W3
0x0762	0x640161  	AND	W8, #1, W2
0x0764	0xD10489  	LSR	W9, W9
0x0766	0xD38408  	RRC	W8, W8
0x0768	0xE80000  	INC	W0, W0
0x076A	0x3AFFFA  	BRA NZ	MulFP_subnormal1
0x076C	0x200071  	MOV	#7, W1
MulFP_notsubnormal:
0x076E	0x640061  	AND	W8, #1, W0
0x0770	0x700003  	IOR	W0, W3, W0
0x0772	0x600002  	AND	W0, W2, W0
0x0774	0x320009  	BRA Z	MulFP_packupandgo
0x0776	0x440461  	ADD	W8, #1, W8
0x0778	0x4C84E0  	ADDC	W9, #0, W9
0x077A	0xA58809  	BTST.Z	W9, W1
0x077C	0x320005  	BRA Z	MulFP_packupandgo
0x077E	0xE8058B  	INC	W11, W11
0x0780	0xE10868  	CP	W1, #8
0x0782	0x3A0002  	BRA NZ	MulFP_packupandgo
0x0784	0xD10489  	LSR	W9, W9
0x0786	0xD38408  	RRC	W8, W8
MulFP_packupandgo:
0x0788	0x200FF2  	MOV	#255, W2
0x078A	0xE15802  	CP	W11, W2
0x078C	0x3D0005  	BRA GE	MulFP_overflow
0x078E	0xDD5DC7  	SL	W11, #7, W11
0x0790	0xB207F9  	AND	#127, W9
0x0792	0x758089  	IOR	W11, W9, W1
0x0794	0x880008  	MOV	W8, W0
0x0796	0x060000  	RETURN
MulFP_overflow:
0x0798	0x27F80B  	MOV	#32640, W11
MulFP_zerosig:
0x079A	0x88001B  	MOV	W11, W1
0x079C	0x050000  	RETLW	#0, W0
MulFP__funpack:
0x079E	0xDE0AC7  	LSR	W1, #7, W5
0x07A0	0xB207F1  	AND	#127, W1
0x07A2	0xB20FF5  	AND	#255, W5
0x07A4	0x320008  	BRA Z	MulFP_zeroorsub
0x07A6	0x42CFE1  	ADD.B	W5, #1, [W15]
0x07A8	0x320002  	BRA Z	MulFP_nanorinf
MulFP_finitereturn:
0x07AA	0xA8E002  	BSET	W1, #7
0x07AC	0x050024  	RETLW	#2, W4
MulFP_nanorinf:
0x07AE	0x700F81  	IOR	W0, W1, [W15]
0x07B0	0x320001  	BRA Z	MulFP_infinite
0x07B2	0x050804  	RETLW	#128, W4
MulFP_infinite:
0x07B4	0x050044  	RETLW	#4, W4
MulFP_zeroorsub:
0x07B6	0x700F81  	IOR	W0, W1, [W15]
0x07B8	0x3A0002  	BRA NZ	MulFP_subnormal2
0x07BA	0x050014  	RETLW	#1, W4
MulFP_normalize:
0x07BC	0xE90285  	DEC	W5, W5
MulFP_subnormal2:
0x07BE	0x400000  	ADD	W0, W0, W0
0x07C0	0x48C081  	ADDC.B	W1, W1, W1
0x07C2	0x3BFFFC  	BRA NN	MulFP_normalize
0x07C4	0xA8E002  	BSET	W1, #7
0x07C6	0x050024  	RETLW	#2, W4
the_end__Mul_FP:
L_end__Mul_FP:
0x07C8	0xFA8000  	ULNK
0x07CA	0x060000  	RETURN
; end of __Mul_FP
_UART2_Write_Text:
0x07F6	0xFA0000  	LNK	#0
; counter start address is: 2 (W1)
0x07F8	0xEF2002  	CLR	W1
0x07FA	0x78401A  	MOV.B	[W10], W0
; data_ start address is: 4 (W2)
0x07FC	0x784100  	MOV.B	W0, W2
; data_ end address is: 4 (W2)
; counter end address is: 2 (W1)
0x07FE	0x784002  	MOV.B	W2, W0
0x0800	0x784101  	MOV.B	W1, W2
L__UART2_Write_Text113:
; data_ start address is: 0 (W0)
; counter start address is: 4 (W2)
0x0802	0xE10460  	CP.B	W0, #0
0x0804	0x32000A  	BRA Z	L__UART2_Write_Text114
L__UART2_Write_Text250:
0x0806	0x781F8A  	PUSH	W10
; data_ end address is: 0 (W0)
0x0808	0xFB8500  	ZE	W0, W10
0x080A	0x07FEE8  	RCALL	_UART2_Write
0x080C	0x78054F  	POP	W10
; counter start address is: 2 (W1)
0x080E	0x4140E1  	ADD.B	W2, #1, W1
; counter end address is: 4 (W2)
0x0810	0xFB8001  	ZE	W1, W0
0x0812	0x450000  	ADD	W10, W0, W0
; data_ start address is: 0 (W0)
0x0814	0x784010  	MOV.B	[W0], W0
0x0816	0x784101  	MOV.B	W1, W2
; counter end address is: 2 (W1)
; data_ end address is: 0 (W0)
0x0818	0x37FFF4  	BRA	L__UART2_Write_Text113
L__UART2_Write_Text114:
L_end_UART2_Write_Text:
0x081A	0xFA8000  	ULNK
0x081C	0x060000  	RETURN
; end of _UART2_Write_Text
_UART2_Write:
0x05DC	0xFA0000  	LNK	#0
L__UART2_Write104:
0x05DE	0x801191  	MOV	U2STA, W1
0x05E0	0x201000  	MOV	#256, W0
0x05E2	0x608000  	AND	W1, W0, W0
0x05E4	0xE10060  	CP	W0, #0
0x05E6	0x3A0002  	BRA NZ	L__UART2_Write105
L__UART2_Write245:
0x05E8	0x000000  	NOP
0x05EA	0x37FFF9  	BRA	L__UART2_Write104
L__UART2_Write105:
0x05EC	0x8811AA  	MOV	W10, U2TXREG
L_end_UART2_Write:
0x05EE	0xFA8000  	ULNK
0x05F0	0x060000  	RETURN
; end of _UART2_Write
__Compare_Ge_Fp:
0x090E	0xFA0000  	LNK	#0
0x0910	0x2FFFF4  	MOV	#65535, W4
0x0912	0x07FC76  	RCALL	__Compare_Fp
L_end__Compare_Ge_Fp:
0x0914	0xFA8000  	ULNK
0x0916	0x060000  	RETURN
; end of __Compare_Ge_Fp
__Div_FP:
0x0984	0xFA0000  	LNK	#0
0x0986	0x070002  	RCALL	DivFP___divsf3
0x0988	0x000000040AB6  	GOTO	the_end__Div_FP
DivFP___divsf3:
0x098C	0xBE9F88  	MOV.D	W8, [W15++]
0x098E	0xBE9F8A  	MOV.D	W10, [W15++]
0x0990	0x781F8C  	MOV	W12, [W15++]
0x0992	0x07003E  	RCALL	DivFP__funpack2
0x0994	0x330045  	BRA N	DivFP__fPropagateNaN
0x0996	0x6C8603  	XOR	W9, W3, W12
0x0998	0xE15064  	CP	W10, #4
0x099A	0x32002E  	BRA Z	DivFP_aisinfinite
0x099C	0xE12064  	CP	W4, #4
0x099E	0x320033  	BRA Z	DivFP_returnZero
0x09A0	0xE15061  	CP	W10, #1
0x09A2	0x32002F  	BRA Z	DivFP_aiszero
0x09A4	0xE12061  	CP	W4, #1
0x09A6	0x320031  	BRA Z	DivFP_returnInf
DivFP_finitenonzero:
0x09A8	0x558585  	SUB	W11, W5, W11
0x09AA	0xB007EB  	ADD	#126, W11
0x09AC	0x200009  	MOV	#0, W9
0x09AE	0x200408  	MOV	#64, W8
0x09B0	0x370005  	BRA	DivFP_diventry
DivFP_divnext:
0x09B2	0x440408  	ADD	W8, W8, W8
0x09B4	0x4C8489  	ADDC	W9, W9, W9
0x09B6	0x31000A  	BRA C	DivFP_divdone
DivFP_divloop:
0x09B8	0x430306  	ADD	W6, W6, W6
0x09BA	0x4B8387  	ADDC	W7, W7, W7
DivFP_diventry:
0x09BC	0x530100  	SUB	W6, W0, W2
0x09BE	0x5B8181  	SUBB	W7, W1, W3
0x09C0	0x33FFF8  	BRA N	DivFP_divnext
0x09C2	0xBE8302  	MOV.D	W2, W6
0x09C4	0xA80010  	BSET	W8, #0
0x09C6	0x440408  	ADD	W8, W8, W8
0x09C8	0x4C8489  	ADDC	W9, W9, W9
0x09CA	0x39FFF6  	BRA NC	DivFP_divloop
DivFP_divdone:
0x09CC	0xDD39C6  	SL	W7, #6, W3
0x09CE	0x730183  	IOR	W6, W3, W3
0x09D0	0x320001  	BRA Z	DivFP_stickyok
0x09D2	0x200013  	MOV	#1, W3
DivFP_stickyok:
0x09D4	0xD10489  	LSR	W9, W9
0x09D6	0xD38408  	RRC	W8, W8
0x09D8	0xA39809  	BTST.Z	W9, #9
0x09DA	0x320005  	BRA Z	DivFP_guardused
0x09DC	0xA70008  	BTSC	W8, #0
0x09DE	0xA80006  	BSET	W3, #0
0x09E0	0xD10489  	LSR	W9, W9
0x09E2	0xD38408  	RRC	W8, W8
0x09E4	0xE8058B  	INC	W11, W11
DivFP_guardused:
0x09E6	0xD10489  	LSR	W9, W9
0x09E8	0xD38408  	RRC	W8, W8
0x09EA	0xEB0100  	CLR	W2
0x09EC	0xD28102  	RLC	W2, W2
0x09EE	0x070028  	RCALL	DivFP__fpack
DivFP_return0_1:
0x09F0	0xA1F001  	BCLR	W1, #15
0x09F2	0xA7F00C  	BTSC	W12, #15
0x09F4	0xA8E003  	BSET	W1, #15
0x09F6	0x37001D  	BRA	DivFP__fbopExit
DivFP_aisinfinite:
0x09F8	0xE12064  	CP	W4, #4
0x09FA	0x32001F  	BRA Z	DivFP__fbopReturnNaN
DivFP_return8_1:
0x09FC	0xBE8108  	MOV.D	W8, W2
DivFP_return2_1:
0x09FE	0xBE8002  	MOV.D	W2, W0
0x0A00	0x37FFF7  	BRA	DivFP_return0_1
DivFP_aiszero:
0x0A02	0xE12061  	CP	W4, #1
0x0A04	0x32001A  	BRA Z	DivFP__fbopReturnNaN
DivFP_returnZero:
0x0A06	0xB80060  	MUL.UU	W0, #0, W0
0x0A08	0x37FFF3  	BRA	DivFP_return0_1
DivFP_returnInf:
0x0A0A	0x200000  	MOV	#0, W0
0x0A0C	0x27F801  	MOV	#32640, W1
0x0A0E	0x37FFF0  	BRA	DivFP_return0_1
DivFP__funpack2:
0x0A10	0xBE8400  	MOV.D	W0, W8
0x0A12	0x07003C  	RCALL	DivFP__funpack
0x0A14	0xBE8300  	MOV.D	W0, W6
0x0A16	0xBE8504  	MOV.D	W4, W10
0x0A18	0xBE8002  	MOV.D	W2, W0
0x0A1A	0x070038  	RCALL	DivFP__funpack
0x0A1C	0x754F84  	IOR.B	W10, W4, [W15]
0x0A1E	0x060000  	RETURN
DivFP__fPropagateNaN:
0x0A20	0xBE8002  	MOV.D	W2, W0
0x0A22	0xE15064  	CP	W10, #4
0x0A24	0x360005  	BRA LEU	DivFP_return0
0x0A26	0xE12064  	CP	W4, #4
0x0A28	0x360002  	BRA LEU	DivFP_return8
0x0A2A	0xA36809  	BTST.Z	W9, #6
0x0A2C	0x3A0001  	BRA NZ	DivFP_return0
DivFP_return8:
0x0A2E	0xBE8008  	MOV.D	W8, W0
DivFP_return0:
0x0A30	0xA8C002  	BSET	W1, #6
DivFP__fbopExit:
0x0A32	0x78064F  	MOV	[--W15], W12
0x0A34	0xBE054F  	MOV.D	[--W15], W10
0x0A36	0xBE044F  	MOV.D	[--W15], W8
0x0A38	0x060000  	RETURN
DivFP__fbopReturnNaN:
0x0A3A	0x2FFFF0  	MOV	#65535, W0
0x0A3C	0x27FFF1  	MOV	#32767, W1
0x0A3E	0x37FFF9  	BRA	DivFP__fbopExit
DivFP__fpack:
0x0A40	0x200081  	MOV	#8, W1
0x0A42	0x558061  	SUB	W11, #1, W0
0x0A44	0x3D000B  	BRA GE	DivFP_notsubnormal
0x0A46	0x20000B  	MOV	#0, W11
0x0A48	0x2FFE61  	MOV	#65510, W1
0x0A4A	0xE10001  	CP	W0, W1
0x0A4C	0x34001D  	BRA LE	DivFP_zerosig
DivFP_subnormal:
0x0A4E	0x718182  	IOR	W3, W2, W3
0x0A50	0x640161  	AND	W8, #1, W2
0x0A52	0xD10489  	LSR	W9, W9
0x0A54	0xD38408  	RRC	W8, W8
0x0A56	0xE80000  	INC	W0, W0
0x0A58	0x3AFFFA  	BRA NZ	DivFP_subnormal
0x0A5A	0x200071  	MOV	#7, W1
DivFP_notsubnormal:
0x0A5C	0x640061  	AND	W8, #1, W0
0x0A5E	0x700003  	IOR	W0, W3, W0
0x0A60	0x600002  	AND	W0, W2, W0
0x0A62	0x320009  	BRA Z	DivFP_packupandgo
0x0A64	0x440461  	ADD	W8, #1, W8
0x0A66	0x4C84E0  	ADDC	W9, #0, W9
0x0A68	0xA58809  	BTST.Z	W9, W1
0x0A6A	0x320005  	BRA Z	DivFP_packupandgo
0x0A6C	0xE8058B  	INC	W11, W11
0x0A6E	0xE10868  	CP	W1, #8
0x0A70	0x3A0002  	BRA NZ	DivFP_packupandgo
0x0A72	0xD10489  	LSR	W9, W9
0x0A74	0xD38408  	RRC	W8, W8
DivFP_packupandgo:
0x0A76	0x200FF2  	MOV	#255, W2
0x0A78	0xE15802  	CP	W11, W2
0x0A7A	0x3D0005  	BRA GE	DivFP_overflow
0x0A7C	0xDD5DC7  	SL	W11, #7, W11
0x0A7E	0xB207F9  	AND	#127, W9
0x0A80	0x758089  	IOR	W11, W9, W1
0x0A82	0x880008  	MOV	W8, W0
0x0A84	0x060000  	RETURN
DivFP_overflow:
0x0A86	0x27F80B  	MOV	#32640, W11
DivFP_zerosig:
0x0A88	0x88001B  	MOV	W11, W1
0x0A8A	0x050000  	RETLW	#0, W0
DivFP__funpack:
0x0A8C	0xDE0AC7  	LSR	W1, #7, W5
0x0A8E	0xB207F1  	AND	#127, W1
0x0A90	0xB20FF5  	AND	#255, W5
0x0A92	0x320008  	BRA Z	DivFP_zeroorsub
0x0A94	0x42CFE1  	ADD.B	W5, #1, [W15]
0x0A96	0x320002  	BRA Z	DivFP_nanorinf
DivFP_finitereturn:
0x0A98	0xA8E002  	BSET	W1, #7
0x0A9A	0x050024  	RETLW	#2, W4
DivFP_nanorinf:
0x0A9C	0x700F81  	IOR	W0, W1, [W15]
0x0A9E	0x320001  	BRA Z	DivFP_infinite
0x0AA0	0x050804  	RETLW	#128, W4
DivFP_infinite:
0x0AA2	0x050044  	RETLW	#4, W4
DivFP_zeroorsub:
0x0AA4	0x700F81  	IOR	W0, W1, [W15]
0x0AA6	0x3A0002  	BRA NZ	DivFP_subnormal2
0x0AA8	0x050014  	RETLW	#1, W4
DivFP_normalize:
0x0AAA	0xE90285  	DEC	W5, W5
DivFP_subnormal2:
0x0AAC	0x400000  	ADD	W0, W0, W0
0x0AAE	0x48C081  	ADDC.B	W1, W1, W1
0x0AB0	0x3BFFFC  	BRA NN	DivFP_normalize
0x0AB2	0xA8E002  	BSET	W1, #7
0x0AB4	0x050024  	RETLW	#2, W4
the_end__Div_FP:
L_end__Div_FP:
0x0AB6	0xFA8000  	ULNK
0x0AB8	0x060000  	RETURN
; end of __Div_FP
__Float2Longword:
0x0918	0xFA0000  	LNK	#0
0x091A	0x070002  	RCALL	Float2Longword_fixunssfsi
0x091C	0x000000040980  	GOTO	the_end__Float2Longword
Float2Longword_fixunssfsi:
0x0920	0xBE8100  	MOV.D	W0, W2
0x0922	0x070019  	RCALL	Float2Longword_funpack
0x0924	0xA77004  	BTSC	W4, #7
0x0926	0xA1F003  	BCLR	W3, #15
0x0928	0xA3F803  	BTST.Z	W3, #15
0x092A	0x3A0013  	BRA NZ	Float2Longword_returnzero
0x092C	0xB10965  	SUB	#150, W5
0x092E	0x320010  	BRA Z	Float2Longword_exit
0x0930	0x350009  	BRA LT	Float2Longword_shiftright
0x0932	0xE12869  	CP	W5, #9
0x0934	0x350002  	BRA LT	Float2Longword_shiftleft
0x0936	0x280001  	MOV	#32768, W1
0x0938	0x050000  	RETLW	#0, W0
Float2Longword_shiftleft:
0x093A	0x400000  	ADD	W0, W0, W0
0x093C	0x488081  	ADDC	W1, W1, W1
0x093E	0xE90285  	DEC	W5, W5
0x0940	0x3AFFFC  	BRA NZ	Float2Longword_shiftleft
0x0942	0x060000  	RETURN
Float2Longword_shiftright:
0x0944	0x428FF8  	ADD	W5, #24, [W15]
0x0946	0x350005  	BRA LT	Float2Longword_returnzero
Float2Longword_shiftrightloop:
0x0948	0xD10081  	LSR	W1, W1
0x094A	0xD38000  	RRC	W0, W0
0x094C	0xE80285  	INC	W5, W5
0x094E	0x3AFFFC  	BRA NZ	Float2Longword_shiftrightloop
Float2Longword_exit:
0x0950	0x060000  	RETURN
Float2Longword_returnzero:
0x0952	0xEB0080  	CLR	W1
0x0954	0x050000  	RETLW	#0, W0
Float2Longword_funpack:
0x0956	0xDE0AC7  	LSR	W1, #7, W5
0x0958	0xB207F1  	AND	#127, W1
0x095A	0xB20FF5  	AND	#255, W5
0x095C	0x320008  	BRA Z	Float2Longword_zeroorsub
0x095E	0x42CFE1  	ADD.B	W5, #1, [W15]
0x0960	0x320002  	BRA Z	Float2Longword_nanorinf
Float2Longword_finitereturn:
0x0962	0xA8E002  	BSET	W1, #7
0x0964	0x050024  	RETLW	#2, W4
Float2Longword_nanorinf:
0x0966	0x700F81  	IOR	W0, W1, [W15]
0x0968	0x320001  	BRA Z	Float2Longword_infinite
0x096A	0x050804  	RETLW	#128, W4
Float2Longword_infinite:
0x096C	0x050044  	RETLW	#4, W4
Float2Longword_zeroorsub:
0x096E	0x700F81  	IOR	W0, W1, [W15]
0x0970	0x3A0002  	BRA NZ	Float2Longword_subnormal
0x0972	0x050014  	RETLW	#1, W4
Float2Longword_normalize:
0x0974	0xE90285  	DEC	W5, W5
Float2Longword_subnormal:
0x0976	0x400000  	ADD	W0, W0, W0
0x0978	0x48C081  	ADDC.B	W1, W1, W1
0x097A	0x3BFFFC  	BRA NN	Float2Longword_normalize
0x097C	0xA8E002  	BSET	W1, #7
0x097E	0x050024  	RETLW	#2, W4
the_end__Float2Longword:
L_end__Float2Longword:
0x0980	0xFA8000  	ULNK
0x0982	0x060000  	RETURN
; end of __Float2Longword
_interrupt_Timer3_RPM_Measurement:
0x0CAA	0xF80034  	PUSH	PSVPAG
0x0CAC	0xF80036  	PUSH	RCOUNT
0x0CAE	0x781F80  	PUSH	W0
0x0CB0	0x200020  	MOV	#2, W0
0x0CB2	0x09000C  	REPEAT	#12
0x0CB4	0x781FB0  	PUSH	[W0++]
0x0CB6	0xA90085  	BCLR	T3IF_bit, BitPos(T3IF_bit+0)
0x0CB8	0xAA02C4  	BTG	LATA0_bit, BitPos(LATA0_bit+0)
0x0CBA	0xA9E111  	BCLR	TON_T2CON_bit, BitPos(TON_T2CON_bit+0)
L_end_interrupt_Timer3_RPM_Measurement:
0x0CBC	0x2001A0  	MOV	#26, W0
0x0CBE	0x09000C  	REPEAT	#12
0x0CC0	0x78104F  	POP	[W0--]
0x0CC2	0x78004F  	POP	W0
0x0CC4	0xF90036  	POP	RCOUNT
0x0CC6	0xF90034  	POP	PSVPAG
0x0CC8	0x064000  	RETFIE
; end of _interrupt_Timer3_RPM_Measurement
_interrupt_Timer1:
0x0C8C	0xF80034  	PUSH	PSVPAG
0x0C8E	0xF80036  	PUSH	RCOUNT
0x0C90	0x781F80  	PUSH	W0
0x0C92	0x200020  	MOV	#2, W0
0x0C94	0x09000C  	REPEAT	#12
0x0C96	0x781FB0  	PUSH	[W0++]
0x0C98	0xA96084  	BCLR	T1IF_bit, BitPos(T1IF_bit+0)
0x0C9A	0xAA82CD  	BTG	LATB12_bit, BitPos(LATB12_bit+0)
L_end_interrupt_Timer1:
0x0C9C	0x2001A0  	MOV	#26, W0
0x0C9E	0x09000C  	REPEAT	#12
0x0CA0	0x78104F  	POP	[W0--]
0x0CA2	0x78004F  	POP	W0
0x0CA4	0xF90036  	POP	RCOUNT
0x0CA6	0xF90034  	POP	PSVPAG
0x0CA8	0x064000  	RETFIE
; end of _interrupt_Timer1
Symbol List:
//** Routines locations **
//ADDRESS    SIZE    PROCEDURE
//----------------------------------------------
0x0200     [114]    __Compare_Fp
0x0272      [88]    __Modulus_32x32
0x02CA      [82]    __Divide_32x32
0x031C     [364]    __AddSub_FP
0x0488      [10]    __Compare_Le_Fp
0x0492     [210]    _LongIntToStr
0x0564     [120]    __Float2Longint
0x05DC      [22]    _UART2_Write
0x05F2      [10]    __Sub_FP
0x05FC     [182]    __Long2Float
0x06B2     [282]    __Mul_FP
0x07CC      [10]    _Delay_10ms
0x07D6      [18]    __Multiply_32x32
0x07E8       [8]    _Get_Fosc_kHz
0x07F0       [6]    _Get_Fosc_Per_Cyc
0x07F6      [40]    _UART2_Write_Text
0x081E     [240]    _UART2_Init
0x090E      [10]    __Compare_Ge_Fp
0x0918     [108]    __Float2Longword
0x0984     [310]    __Div_FP
0x0ABA      [14]    _UART2_Data_Ready
0x0AC8     [442]    _FloatToStr
0x0C82      [10]    _UART2_Read
0x0C8C      [30]    _interrupt_Timer1
0x0CAA      [32]    _interrupt_Timer3_RPM_Measurement
0x0CCA     [664]    _interrupt_PinChangeNotification
0x0F62     [284]    _main
0x107E      [60]    _interrupt_Timer5_Dwell_Delay
//** Variables locations ** 
//ADDRESS    SIZE    VARIABLE
//----------------------------------------------
0x011E       [0]    TCKPS_0_T4CON_bit
0x011E       [0]    TCKPS_1_T4CON_bit
0x011E       [0]    TGATE_T4CON_bit
0x011E       [0]    T32_T4CON_bit
0x011E       [0]    TCS_T4CON_bit
0x0116       [2]    TMR5HLD
0x0114       [2]    TMR4
0x011C       [2]    PR5
0x00B2       [2]    IPC7
0x011A       [2]    PR4
0x00A8       [0]    T3IP_0_bit
0x00A8       [0]    T3IP_1_bit
0x0106       [2]    TMR2
0x010E       [2]    PR3
0x0108       [2]    TMR3HLD
0x011E       [0]    TON_T4CON_bit
0x0120       [0]    TON_T5CON_bit
0x0094       [0]    T3IE_bit
0x00A8       [0]    T3IP_2_bit
0x0084       [0]    T3IF_bit
0x0238       [2]    U2BRG
0x02CA       [2]    PORTB
0x0230       [2]    U2MODE
0x0800       [2]    _UART_Rdy_Ptr
0x0802       [2]    _UART_TX_Idle_Ptr
0x02C4       [0]    LATA0_bit
0x02CC       [0]    LATB12_bit
0x0234       [2]    U2TXREG
0x02CC       [0]    LATB8_bit
0x02CC       [0]    LATB13_bit
0x0086       [0]    T5IF_bit
0x0096       [0]    T5IE_bit
0x00B2       [0]    T5IP_2_bit
0x00B2       [0]    T5IP_0_bit
0x00B2       [0]    T5IP_1_bit
0x0804       [2]    _UART_Wr_Ptr
0x0806       [2]    _UART_Rd_Ptr
0x0232       [2]    U2STA
0x02CC       [0]    LATB14_bit
0x0236       [2]    U2RXREG
0x0808       [4]    _RPM
0x080C       [2]    _Max_Dwell_Exceeded
0x0744       [2]    CLKDIV
0x02C8       [0]    TRISB13_bit
0x02C8       [0]    TRISB14_bit
0x0064       [0]    CN21IE_bit
0x00AC       [0]    CNIP_0_bit
0x080E      [16]    _TimingCurveDegrees
0x081E       [4]    _LastTimingAdvanceDegrees
0x0822      [16]    _TimingCurveRPM
0x02C0       [0]    TRISA0_bit
0x02C0       [0]    TRISA1_bit
0x02C4       [0]    LATA1_bit
0x04E0       [2]    ANSA
0x04E2       [2]    ANSB
0x02C8       [0]    TRISB8_bit
0x02C8       [0]    TRISB12_bit
0x02C8       [0]    TRISB9_bit
0x02C8       [0]    TRISB0_bit
0x02C8       [0]    TRISB1_bit
0x0110       [0]    T32_T2CON_bit
0x0110       [0]    TCS_T2CON_bit
0x0112       [0]    TON_T3CON_bit
0x0094       [0]    T1IE_bit
0x0110       [0]    TON_T2CON_bit
0x00A8       [2]    IPC2
0x010C       [2]    PR2
0x0110       [0]    TCKPS_1_T2CON_bit
0x0110       [0]    TGATE_T2CON_bit
0x0110       [0]    TCKPS_0_T2CON_bit
0x0096       [0]    CNIE_bit
0x0100       [2]    TMR1
0x0086       [0]    CNIF_bit
0x00AC       [0]    CNIP_1_bit
0x00AC       [0]    CNIP_2_bit
0x00A4       [2]    IPC0
0x0084       [0]    T1IF_bit
0x0104       [0]    TCKPS_1_bit
0x0104       [0]    TON_T1CON_bit
0x0104       [0]    TCKPS_0_bit
0x00A4       [2]    IPC0
0x00A8       [2]    IPC2
0x00B2       [2]    IPC7
0x0100       [2]    TMR1
0x0106       [2]    TMR2
0x0108       [2]    TMR3HLD
0x010C       [2]    PR2
0x010E       [2]    PR3
0x0114       [2]    TMR4
0x0116       [2]    TMR5HLD
0x011A       [2]    PR4
0x011C       [2]    PR5
0x0230       [2]    U2MODE
0x0232       [2]    U2STA
0x0234       [2]    U2TXREG
0x0236       [2]    U2RXREG
0x0238       [2]    U2BRG
0x02CA       [2]    PORTB
0x0014       [4]    FARG_LongIntToStr_input
0x0018       [2]    FARG_LongIntToStr_output
0x04E0       [2]    ANSA
0x04E2       [2]    ANSB
0x0014       [2]    FARG_UART2_Write_data_
0x0744       [2]    CLKDIV
0x0014       [2]    FARG_UART2_Write_Text_uart_text
0x0014       [4]    FARG_UART2_Init_baud_rate
0x0014       [4]    FARG_FloatToStr_input
0x0018       [2]    FARG_FloatToStr_output
