0	1	mPDsPic.exe -MSF -DBG -pP24FV08KM101 -Y -DL -SSA -RA -O11111104 -fo32 -N"Z:\Automotive\Electronic Ignition\dsPIC24FV08KM101_DoublePulse\DoublePulse.mppds" -SP"C:\Program Files\Mikroelektronika\mikroPascal PRO for dsPIC\Defs\" -SP"C:\Program Files\Mikroelektronika\mikroPascal PRO for dsPIC\Uses\" -SP"Z:\Automotive\Electronic Ignition\dsPIC24FV08KM101_DoublePulse\" -SP"Z:\Automotive\Electronic Ignition\PIC24FV32KA301 _DoublePulse\" "__Lib_Math.mcl" "__Lib_MathDouble.mcl" "__Lib_System.mcl" "__Lib_Delays.mcl" "__Lib_String.mcl" "__Lib_Conversions.mcl" "__Lib_UART_1_p24_p33.mcl" "DoublePulse.mpas"	 
diagnostics: 0	133	Compilation Started	C:\Program Files\Mikroelektronika\mikroPascal PRO for dsPIC\defs\P24FV08KM101.mpas
hint: 1	1015	Hint: Compiling unit "C:\Program Files\Mikroelektronika\mikroPascal PRO for dsPIC\defs\P24FV08KM101.mpas"	P24FV08KM101.mpas
hint: 4810	1010	Hint: Unit "P24FV08KM101.mpas" has been recompiled	P24FV08KM101.mpas
diagnostics: 0	134	Compiled Successfully	C:\Program Files\Mikroelektronika\mikroPascal PRO for dsPIC\defs\P24FV08KM101.mpas
diagnostics: 0	133	Compilation Started	C:\Program Files\Mikroelektronika\mikroPascal PRO for dsPIC\uses\__Lib_Delays.mpas
hint: 1	1015	Hint: Compiling unit "C:\Program Files\Mikroelektronika\mikroPascal PRO for dsPIC\uses\__Lib_Delays.mpas"	__Lib_Delays.mpas
hint: 724	1010	Hint: Unit "__Lib_Delays.mpas" has been recompiled	__Lib_Delays.mpas
diagnostics: 0	134	Compiled Successfully	C:\Program Files\Mikroelektronika\mikroPascal PRO for dsPIC\uses\__Lib_Delays.mpas
diagnostics: 0	133	Compilation Started	Z:\Automotive\Electronic Ignition\dsPIC24FV08KM101_DoublePulse\DoublePulse.mpas
hint: 1	1015	Hint: Compiling unit "Z:\Automotive\Electronic Ignition\dsPIC24FV08KM101_DoublePulse\DoublePulse.mpas"	DoublePulse.mpas
hint: 140	1021	Hint: interrupt handler (interrupt_CCT1_RPM_Measurment_And_Stall_Timer at 0x0022)	DoublePulse.mpas
hint: 167	1021	Hint: interrupt handler (interrupt_PinChangeNotification at 0x003A)	DoublePulse.mpas
hint: 170	1011	Hint: Variable "i" has been eliminated by optimizer	DoublePulse.mpas
hint: 368	1010	Hint: Unit "DoublePulse.mpas" has been recompiled	DoublePulse.mpas
diagnostics: 0	134	Compiled Successfully	Z:\Automotive\Electronic Ignition\dsPIC24FV08KM101_DoublePulse\DoublePulse.mpas
diagnostics: 0	139	All files Compiled in 40 ms	 
hint: 0	1144	Used RX (bytes): 32 (100%)   Free RX (bytes): 0 (0%)	Used RX (bytes): 32 (100%)   Free RX (bytes): 0 (0%)
hint: 0	1144	Static RAM (bytes): 74   Dynamic RAM (bytes): 950	Static RAM (bytes): 74   Dynamic RAM (bytes): 950
hint: 0	1144	Used ROM (bytes): 4904 (87%)  Free ROM (bytes): 728 (13%)	Used ROM (bytes): 4904 (87%)  Free ROM (bytes): 728 (13%)
diagnostics: 0	145	Project Linked Successfully	DoublePulse.mppds
diagnostics: 0	140	Linked in 80 ms	 
diagnostics: 0	141	Project 'DoublePulse.mppds' completed: 261 ms	 
diagnostics: 0	103	Finished successfully: 14 Dec 2017, 13:56:40	DoublePulse.mppds
