;  LST file generated by mikroListExporter - v.2.0 
; Date/Time: 8/31/2014 5:18:57 PM
;----------------------------------------------

;Address Opcode 	ASM
0x0000	0x2803      	GOTO       3
_main:
;MyProject.mpas,5 :: 		begin
;MyProject.mpas,7 :: 		while true do
L__main2:
;MyProject.mpas,9 :: 		PORTA := not PORTA
0x0003	0x1283      	BCF        STATUS, 5
0x0004	0x1303      	BCF        STATUS, 6
0x0005	0x0985      	COMF       PORTA, 1
;MyProject.mpas,10 :: 		end;
0x0006	0x2803      	GOTO       L__main2
;MyProject.mpas,11 :: 		end.
L_end_main:
0x0007	0x2807      	GOTO       $+0
; end of _main
Symbol List:
//** Routines locations **
//ADDRESS    SIZE    PROCEDURE
//----------------------------------------------
0x0003       [5]    _main
//** Variables locations ** 
//ADDRESS    SIZE    VARIABLE
//----------------------------------------------
0x0005       [1]    PORTA
0x0070       [1]    R0
0x0071       [1]    R1
0x0072       [1]    R2
0x0073       [1]    R3
0x0074       [1]    R4
0x0075       [1]    R5
0x0076       [1]    R6
0x0077       [1]    R7
0x0078       [1]    R8
0x0079       [1]    R9
0x007A       [1]    R10
0x007B       [1]    R11
0x007C       [1]    R12
0x007D       [1]    R13
0x007E       [1]    R14
0x007F       [1]    R15
//** Label List: ** 
//----------------------------------------------
  L_end__main
  L__main1
  L__main2
  L__main3
  L__main4
  L__main5
  L_end_main
  _main
